#
# There is insufficient memory for the Java Runtime Environment to continue.
# Native memory allocation (malloc) failed to allocate 1048576 bytes for AllocateHeap
# Possible reasons:
#   The system is out of physical RAM or swap space
#   The process is running with CompressedOops enabled, and the Java Heap may be blocking the growth of the native heap
# Possible solutions:
#   Reduce memory load on the system
#   Increase physical memory or swap space
#   Check if swap backing store is full
#   Decrease Java heap size (-Xmx/-Xms)
#   Decrease number of Java threads
#   Decrease Java thread stack sizes (-Xss)
#   Set larger code cache with -XX:ReservedCodeCacheSize=
#   JVM is running with Zero Based Compressed Oops mode in which the Java heap is
#     placed in the first 32GB address space. The Java Heap base address is the
#     maximum limit for the native heap growth. Please use -XX:HeapBaseMinAddress
#     to set the Java Heap base and to place the Java Heap above 32GB virtual address.
# This output file may be truncated or incomplete.
#
#  Out of Memory Error (./open/src/hotspot/share/memory/allocation.cpp:44), pid=8696, tid=21552
#
# JRE version:  (15.0.1+9) (build )
# Java VM: Java HotSpot(TM) 64-Bit Server VM (15.0.1+9-18, mixed mode, sharing, tiered, compressed oops, g1 gc, windows-amd64)
# No core dump will be written. Minidumps are not enabled by default on client versions of Windows
#

---------------  S U M M A R Y ------------

Command Line: -Dfile.encoding=UTF-8 --module-path=G:\JAVA\Nam II\eotihConnect\lib\mysql-connector-java-8.0.22.jar -XX:+ShowCodeDetailsInExceptionMessages eotihTEST.eotihPRO

Host: Intel(R) Core(TM) i5-4590 CPU @ 3.30GHz, 4 cores, 15G,  Windows 10 , 64 bit Build 16299 (10.0.16299.1087)
Time: Tue Jan 12 20:00:59 2021 SE Asia Standard Time elapsed time: 0.007176 seconds (0d 0h 0m 0s)

---------------  T H R E A D  ---------------

Current thread (0x0000022a68cadfb0):  JavaThread "Unknown thread" [_thread_in_vm, id=21552, stack(0x000000782eb00000,0x000000782ec00000)]

Stack: [0x000000782eb00000,0x000000782ec00000]
Native frames: (J=compiled Java code, j=interpreted, Vv=VM code, C=native code)
V  [jvm.dll+0x62ae9a]
V  [jvm.dll+0x781389]
V  [jvm.dll+0x782ae3]
V  [jvm.dll+0x783143]
V  [jvm.dll+0x216265]
V  [jvm.dll+0x8eb72]
V  [jvm.dll+0x2b0b95]
V  [jvm.dll+0x2a82ee]
V  [jvm.dll+0x75e101]
V  [jvm.dll+0x3343e4]
V  [jvm.dll+0x73e826]
V  [jvm.dll+0x3b7777]
V  [jvm.dll+0x3b9201]
C  [jli.dll+0x52fb]
C  [ucrtbase.dll+0x1fa95]
C  [KERNEL32.DLL+0x137e4]
C  [ntdll.dll+0x6cb81]


---------------  P R O C E S S  ---------------

Threads class SMR info:
_java_thread_list=0x00007ffd0b1c4ff0, length=0, elements={
}

Java Threads: ( => current thread )

Other Threads:
  0x0000022a6acdd0b0 GCTaskThread "GC Thread#0" [stack: 0x000000782ec00000,0x000000782ed00000] [id=15572]

[error occurred during error reporting (printing all threads), id 0xc0000005, EXCEPTION_ACCESS_VIOLATION (0xc0000005) at pc=0x00007ffd0a9b55c0]

VM state: not at safepoint (not fully initialized)

VM Mutex/Monitor currently owned by a thread:  ([mutex/lock_event])
[0x0000022a68caac40] Heap_lock - owner thread: 0x0000022a68cadfb0

Heap address: 0x0000000700c00000, size: 4084 MB, Compressed Oops mode: Zero based, Oop shift amount: 3
CDS archive(s) mapped at: [0x0000000000000000-0x0000000000000000-0x0000000000000000), size 0, SharedBaseAddress: 0x0000000800000000, ArchiveRelocationMode: 0.
Narrow klass base: 0x0000000000000000, Narrow klass shift: 0, Narrow klass range: 0x0

Heap:
 garbage-first heap   total 0K, used 0K [0x0000000700c00000, 0x0000000800000000)
  region size 2048K, 0 young (0K), 0 survivors (0K)
 Metaspace       used 0K, capacity 0K, committed 0K, reserved 0K
  class space    used 0K, capacity 0K, committed 0K, reserved 0K

Heap Regions: E=young(eden), S=young(survivor), O=old, HS=humongous(starts), HC=humongous(continues), CS=collection set, F=free, OA=open archive, CA=closed archive, TAMS=top-at-mark-start (previous, next)

Card table byte_map: [0x0000022a736c0000,0x0000022a73ec0000] _byte_map_base: 0x0000022a6feba000

GC Heap History (0 events):
No events

Deoptimization events (0 events):
No events

Classes unloaded (0 events):
No events

Classes redefined (0 events):
No events

Internal exceptions (0 events):
No events

Events (1 events):
Event: 0.003 Loaded shared library C:\Program Files\Java\jdk-15.0.1\bin\java.dll


Dynamic libraries:
0x00007ff7ef980000 - 0x00007ff7ef98f000 	C:\Program Files\Java\jdk-15.0.1\bin\javaw.exe
0x00007ffd546e0000 - 0x00007ffd548c0000 	C:\Windows\SYSTEM32\ntdll.dll
0x00007ffd54500000 - 0x00007ffd545ae000 	C:\Windows\System32\KERNEL32.DLL
0x00007ffd514d0000 - 0x00007ffd51736000 	C:\Windows\System32\KERNELBASE.dll
0x00007ffd51740000 - 0x00007ffd51834000 	C:\Windows\System32\ucrtbase.dll
0x00007ffd4ae30000 - 0x00007ffd4ae48000 	C:\Program Files\Java\jdk-15.0.1\bin\jli.dll
0x00007ffd523f0000 - 0x00007ffd52491000 	C:\Windows\System32\ADVAPI32.dll
0x00007ffd525f0000 - 0x00007ffd5268d000 	C:\Windows\System32\msvcrt.dll
0x00007ffd51d40000 - 0x00007ffd51d9b000 	C:\Windows\System32\sechost.dll
0x00007ffd4d460000 - 0x00007ffd4d479000 	C:\Program Files\Java\jdk-15.0.1\bin\VCRUNTIME140.dll
0x00007ffd528d0000 - 0x00007ffd529ef000 	C:\Windows\System32\RPCRT4.dll
0x00007ffd51bb0000 - 0x00007ffd51d3f000 	C:\Windows\System32\USER32.dll
0x00007ffd50b60000 - 0x00007ffd50b80000 	C:\Windows\System32\win32u.dll
0x00007ffd54620000 - 0x00007ffd54648000 	C:\Windows\System32\GDI32.dll
0x00007ffd512d0000 - 0x00007ffd51463000 	C:\Windows\System32\gdi32full.dll
0x00007ffd51840000 - 0x00007ffd518db000 	C:\Windows\System32\msvcp_win.dll
0x00007ffd48190000 - 0x00007ffd483f9000 	C:\Windows\WinSxS\amd64_microsoft.windows.common-controls_6595b64144ccf1df_6.0.16299.1087_none_0f9074b65a6589b7\COMCTL32.dll
0x00007ffd52020000 - 0x00007ffd52326000 	C:\Windows\System32\combase.dll
0x00007ffd50ae0000 - 0x00007ffd50b52000 	C:\Windows\System32\bcryptPrimitives.dll
0x00007ffd4c680000 - 0x00007ffd4c68a000 	C:\Windows\SYSTEM32\VERSION.dll
0x00007ffd52b20000 - 0x00007ffd52b4d000 	C:\Windows\System32\IMM32.DLL
0x00007ffd4db90000 - 0x00007ffd4db9c000 	C:\Program Files\Java\jdk-15.0.1\bin\vcruntime140_1.dll
0x00007ffd4a880000 - 0x00007ffd4a911000 	C:\Program Files\Java\jdk-15.0.1\bin\msvcp140.dll
0x00007ffd0a700000 - 0x00007ffd0b25e000 	C:\Program Files\Java\jdk-15.0.1\bin\server\jvm.dll
0x00007ffd523e0000 - 0x00007ffd523e8000 	C:\Windows\System32\PSAPI.DLL
0x00007ffd4b380000 - 0x00007ffd4b389000 	C:\Windows\SYSTEM32\WSOCK32.dll
0x00007ffd49ca0000 - 0x00007ffd49cc3000 	C:\Windows\SYSTEM32\WINMM.dll
0x00007ffd545b0000 - 0x00007ffd5461c000 	C:\Windows\System32\WS2_32.dll
0x00007ffd49c40000 - 0x00007ffd49c6a000 	C:\Windows\SYSTEM32\WINMMBASE.dll
0x00007ffd518e0000 - 0x00007ffd5192a000 	C:\Windows\System32\cfgmgr32.dll
0x00007ffd50aa0000 - 0x00007ffd50ab1000 	C:\Windows\System32\kernel.appcore.dll
0x00007ffd4b350000 - 0x00007ffd4b35a000 	C:\Program Files\Java\jdk-15.0.1\bin\jimage.dll
0x00007ffd289a0000 - 0x00007ffd28b68000 	C:\Windows\SYSTEM32\DBGHELP.DLL
0x00007ffd281e0000 - 0x00007ffd28209000 	C:\Windows\SYSTEM32\dbgcore.DLL
0x00007ffd4ae00000 - 0x00007ffd4ae25000 	C:\Program Files\Java\jdk-15.0.1\bin\java.dll

dbghelp: loaded successfully - version: 4.0.5 - missing functions: none
symbol engine: initialized successfully - sym options: 0x614 - pdb path: .;C:\Program Files\Java\jdk-15.0.1\bin;C:\Windows\SYSTEM32;C:\Windows\WinSxS\amd64_microsoft.windows.common-controls_6595b64144ccf1df_6.0.16299.1087_none_0f9074b65a6589b7;C:\Program Files\Java\jdk-15.0.1\bin\server

VM Arguments:
jvm_args: -Dfile.encoding=UTF-8 --module-path=G:\JAVA\Nam II\eotihConnect\lib\mysql-connector-java-8.0.22.jar -XX:+ShowCodeDetailsInExceptionMessages 
java_command: eotihTEST.eotihPRO
java_class_path (initial): G:\JAVA\Nam II\gameEOTIH\bin
Launcher Type: SUN_STANDARD

[Global flags]
     intx CICompilerCount                          = 3                                         {product} {ergonomic}
     uint ConcGCThreads                            = 1                                         {product} {ergonomic}
     uint G1ConcRefinementThreads                  = 4                                         {product} {ergonomic}
   size_t G1HeapRegionSize                         = 2097152                                   {product} {ergonomic}
    uintx GCDrainStackTargetSize                   = 64                                        {product} {ergonomic}
   size_t InitialHeapSize                          = 268435456                                 {product} {ergonomic}
   size_t MarkStackSize                            = 4194304                                   {product} {ergonomic}
   size_t MaxHeapSize                              = 4282384384                                {product} {ergonomic}
   size_t MinHeapDeltaBytes                        = 2097152                                   {product} {ergonomic}
   size_t MinHeapSize                              = 8388608                                   {product} {ergonomic}
    uintx NonNMethodCodeHeapSize                   = 5832780                                {pd product} {ergonomic}
    uintx NonProfiledCodeHeapSize                  = 122912730                              {pd product} {ergonomic}
    uintx ProfiledCodeHeapSize                     = 122912730                              {pd product} {ergonomic}
    uintx ReservedCodeCacheSize                    = 251658240                              {pd product} {ergonomic}
     bool SegmentedCodeCache                       = true                                      {product} {ergonomic}
     bool ShowCodeDetailsInExceptionMessages       = true                                   {manageable} {command line}
   size_t SoftMaxHeapSize                          = 4282384384                             {manageable} {ergonomic}
     bool UseCompressedClassPointers               = true                                 {lp64_product} {ergonomic}
     bool UseCompressedOops                        = true                                 {lp64_product} {ergonomic}
     bool UseG1GC                                  = true                                      {product} {ergonomic}
     bool UseLargePagesIndividualAllocation        = false                                  {pd product} {ergonomic}

Logging:
Log output configuration:
 #0: stdout all=warning uptime,level,tags
 #1: stderr all=off uptime,level,tags

Environment Variables:
PATH=C:\Program Files\Common Files\Oracle\Java\javapath;C:\Windows\system32;C:\Windows;C:\Windows\System32\Wbem;C:\Windows\System32\WindowsPowerShell\v1.0\;C:\Program Files\dotnet\;C:\Program Files\nodejs\;C:\Program Files\Microsoft SQL Server\Client SDK\ODBC\170\Tools\Binn\;C:\Program Files (x86)\Microsoft SQL Server\150\Tools\Binn\;C:\Program Files\Microsoft SQL Server\150\Tools\Binn\;C:\Program Files\Microsoft SQL Server\150\DTS\Binn\;C:\Program Files (x86)\Microsoft SQL Server\150\DTS\Binn\;C:\Program Files\Microsoft SQL Server\130\Tools\Binn\;C:\Program Files\MySQL\MySQL Shell 8.0\bin\;C:\Users\Administrator\AppData\Local\Microsoft\WindowsApps;C:\Users\Administrator\AppData\Roaming\npm;C:\Users\Administrator\AppData\Local\Programs\Microsoft VS Code\bin
USERNAME=Administrator
OS=Windows_NT
PROCESSOR_IDENTIFIER=Intel64 Family 6 Model 60 Stepping 3, GenuineIntel



---------------  S Y S T E M  ---------------

OS:
 Windows 10 , 64 bit Build 16299 (10.0.16299.1087)
OS uptime: 16 days 4:10 hours

CPU: total 4 (initial active 4) (4 cores per cpu, 1 threads per core) family 6 model 60 stepping 3 microcode 0x25, cmov, cx8, fxsr, mmx, sse, sse2, sse3, ssse3, sse4.1, sse4.2, popcnt, vzeroupper, avx, avx2, aes, clmul, erms, lzcnt, tsc, tscinvbit, bmi1, bmi2, fma, clflush

Memory: 4k page, system-wide physical 16328M (3018M free)
TotalPageFile size 22437M (AvailPageFile size 16M)
current process WorkingSet (physical memory assigned to process): 10M, peak: 10M
current process commit charge ("private bytes"): 49M, peak: 49M

vm_info: Java HotSpot(TM) 64-Bit Server VM (15.0.1+9-18) for windows-amd64 JRE (15.0.1+9-18), built on Sep 15 2020 14:43:54 by "mach5one" with unknown MS VC++:1925

END.
