#
# A fatal error has been detected by the Java Runtime Environment:
#
#  EXCEPTION_UNCAUGHT_CXX_EXCEPTION (0xe06d7363) at pc=0x00007ffd51515518, pid=16404, tid=9744
#
# JRE version: Java(TM) SE Runtime Environment (15.0.1+9) (build 15.0.1+9-18)
# Java VM: Java HotSpot(TM) 64-Bit Server VM (15.0.1+9-18, mixed mode, sharing, tiered, compressed oops, g1 gc, windows-amd64)
# Problematic frame:
# C  [KERNELBASE.dll+0x45518]
#
# No core dump will be written. Minidumps are not enabled by default on client versions of Windows
#
# If you would like to submit a bug report, please visit:
#   https://bugreport.java.com/bugreport/crash.jsp
# The crash happened outside the Java Virtual Machine in native code.
# See problematic frame for where to report the bug.
#

---------------  S U M M A R Y ------------

Command Line: -Dfile.encoding=UTF-8 --module-path=G:\JAVA\Nam II\eotihConnect\lib\mysql-connector-java-8.0.22.jar -XX:+ShowCodeDetailsInExceptionMessages eotihTEST.eotihPRO

Host: Intel(R) Core(TM) i5-4590 CPU @ 3.30GHz, 4 cores, 15G,  Windows 10 , 64 bit Build 16299 (10.0.16299.1087)
Time: Tue Jan 12 20:02:22 2021 SE Asia Standard Time elapsed time: 533.246956 seconds (0d 0h 8m 53s)

---------------  T H R E A D  ---------------

Current thread (0x000001b26d7dd380):  JavaThread "AWT-Windows" daemon [_thread_in_native, id=9744, stack(0x0000004f88c00000,0x0000004f88d00000)]

Stack: [0x0000004f88c00000,0x0000004f88d00000],  sp=0x0000004f88cfdc80,  free space=1015k
Native frames: (J=compiled Java code, j=interpreted, Vv=VM code, C=native code)
C  [KERNELBASE.dll+0x45518]
C  [VCRUNTIME140.dll+0x61e0]
C  [awt.dll+0xdafc1]

Java frames: (J=compiled Java code, j=interpreted, Vv=VM code)
j  sun.java2d.d3d.D3DGraphicsDevice.getDeviceCapsNative(I)I+0 java.desktop@15.0.1
j  sun.java2d.d3d.D3DGraphicsDevice$1.run()V+8 java.desktop@15.0.1
v  ~StubRoutines::call_stub
j  sun.awt.windows.WToolkit.eventLoop()V+0 java.desktop@15.0.1
j  sun.awt.windows.WToolkit.run()V+50 java.desktop@15.0.1
j  java.lang.Thread.run()V+11 java.base@15.0.1
v  ~StubRoutines::call_stub

siginfo: EXCEPTION_UNCAUGHT_CXX_EXCEPTION (0xe06d7363), ExceptionInformation=0x0000000019930520 0x0000004f88cfddf8 0x00007ffd43a396c0 0x00007ffd43920000 


Register to memory mapping:

RIP=0x00007ffd51515518 KERNELBASE.dll
RAX=0x00007ffd51756471 ucrtbase.dll
RBX=0x00007ffd43a396c0 awt.dll
RCX=0x000001b247c23840 points into unknown readable memory: 0x000001b247c20d20 | 20 0d c2 47 b2 01 00 00
RDX=0x000001b200000000 is an unknown value
RSP=0x0000004f88cfdc80 is pointing into the stack for thread: 0x000001b26d7dd380
RBP=0x0 is NULL
RSI=0x0000004f88cfddf8 is pointing into the stack for thread: 0x000001b26d7dd380
RDI=0x0000000019930520 is an unknown value
R8 =0x0000004f88cfdca0 is pointing into the stack for thread: 0x000001b26d7dd380
R9 =0x0000004f88cfd820 is pointing into the stack for thread: 0x000001b26d7dd380
R10=0x000001b247c20d20 points into unknown readable memory: 0x0000000000bb0001 | 01 00 bb 00 00 00 00 00
R11=0x0000004f88cfd758 is pointing into the stack for thread: 0x000001b26d7dd380
R12=0x0000000000020f72 is an unknown value
R13={method} {0x000001b26cdd8f80} 'getDeviceCapsNative' '(I)I' in 'sun/java2d/d3d/D3DGraphicsDevice'
R14=0x000001b26d6ba4a8 points into unknown readable memory: 0x0000000000000000 | 00 00 00 00 00 00 00 00
R15=0x0000000000000001 is an unknown value


Registers:
RAX=0x00007ffd51756471, RBX=0x00007ffd43a396c0, RCX=0x000001b247c23840, RDX=0x000001b200000000
RSP=0x0000004f88cfdc80, RBP=0x0000000000000000, RSI=0x0000004f88cfddf8, RDI=0x0000000019930520
R8 =0x0000004f88cfdca0, R9 =0x0000004f88cfd820, R10=0x000001b247c20d20, R11=0x0000004f88cfd758
R12=0x0000000000020f72, R13=0x000001b26cdd8f78, R14=0x000001b26d6ba4a8, R15=0x0000000000000001
RIP=0x00007ffd51515518, EFLAGS=0x0000000000000206

Top of Stack: (sp=0x0000004f88cfdc80)
0x0000004f88cfdc80:   000014fbbf328be4 00007ffd43a396c0
0x0000004f88cfdc90:   0000004f88cfddf8 0000000019930520
0x0000004f88cfdca0:   00000001e06d7363 0000000000000000
0x0000004f88cfdcb0:   00007ffd51515518 0000004f00000004
0x0000004f88cfdcc0:   0000000019930520 0000004f88cfddf8
0x0000004f88cfdcd0:   00007ffd43a396c0 00007ffd43920000
0x0000004f88cfdce0:   0000000000020f72 0000000019930520
0x0000004f88cfdcf0:   0000004f88cfddf8 0000004f88cfdd80
0x0000004f88cfdd00:   0000000000000000 00007ffd5475c51f
0x0000004f88cfdd10:   000001b26cdd8f78 000001b200000000
0x0000004f88cfdd20:   000000000000a030 00007ffd5174cf11
0x0000004f88cfdd30:   00007ffd43a7b000 00007ffd43920000
0x0000004f88cfdd40:   00002b98134f71fa 0000000000000000
0x0000004f88cfdd50:   00007ffd43a396c0 00007ffd4d4661e0
0x0000004f88cfdd60:   0000000000000008 000001b26d483bc0
0x0000004f88cfdd70:   000001b26cdd8f78 0000000000020f72 

Instructions: (pc=0x00007ffd51515518)
0x00007ffd51515418:   24 70 85 ff 0f 88 0c b7 05 00 48 83 c8 ff 48 8b
0x00007ffd51515428:   c8 48 ff c1 66 39 1c 4e 75 f7 48 ff c1 48 89 4c
0x00007ffd51515438:   24 40 48 89 74 24 48 48 8b 4c 24 28 48 ff c0 38
0x00007ffd51515448:   1c 01 75 f8 48 ff c0 48 89 44 24 50 48 89 4c 24
0x00007ffd51515458:   58 4c 8d 4c 24 40 33 d2 b9 0a 00 01 40 44 8d 42
0x00007ffd51515468:   04 e8 42 00 00 00 eb 0e 48 8b 4c 24 28 e8 36 02
0x00007ffd51515478:   00 00 8b 7c 24 70 85 ff 78 0b 48 8d 4c 24 20 ff
0x00007ffd51515488:   15 03 31 13 00 4c 8d 5c 24 60 49 8b 5b 18 49 8b
0x00007ffd51515498:   73 20 49 8b e3 5f c3 cc cc cc cc cc cc cc cc cc
0x00007ffd515154a8:   cc cc cc cc cc cc cc cc 48 81 ec d8 00 00 00 48
0x00007ffd515154b8:   8b 05 c2 bd 1e 00 48 33 c4 48 89 84 24 c0 00 00
0x00007ffd515154c8:   00 48 83 64 24 28 00 48 8d 05 da ff ff ff 83 e2
0x00007ffd515154d8:   01 89 4c 24 20 89 54 24 24 48 89 44 24 30 4d 85
0x00007ffd515154e8:   c9 74 45 b8 0f 00 00 00 48 8d 4c 24 40 44 3b c0
0x00007ffd515154f8:   49 8b d1 44 0f 47 c0 44 89 44 24 38 49 c1 e0 03
0x00007ffd51515508:   e8 5a 1a 04 00 48 8d 4c 24 20 ff 15 08 37 13 00
0x00007ffd51515518:   48 8b 8c 24 c0 00 00 00 48 33 cc e8 18 da 03 00
0x00007ffd51515528:   48 81 c4 d8 00 00 00 c3 83 64 24 38 00 eb d6 cc
0x00007ffd51515538:   48 89 5c 24 10 48 89 74 24 20 55 57 41 54 41 56
0x00007ffd51515548:   41 57 48 8b ec 48 83 ec 30 33 ff 4c 8b fa 48 8b
0x00007ffd51515558:   d9 48 85 c9 0f 84 e4 b5 05 00 48 85 d2 0f 84 e2
0x00007ffd51515568:   b5 05 00 48 8d 45 30 89 7d 30 44 8d 77 01 48 89
0x00007ffd51515578:   44 24 20 41 8b d6 45 33 c9 45 33 c0 e8 c7 f3 fd
0x00007ffd51515588:   ff 85 c0 0f 85 c8 b5 05 00 e8 fa 00 00 00 83 f8
0x00007ffd51515598:   7a 0f 85 de b5 05 00 8b 4d 30 48 8d 55 40 48 89
0x00007ffd515155a8:   7d 40 e8 b5 25 ff ff 48 8b 75 40 48 85 f6 0f 84
0x00007ffd515155b8:   dc b5 05 00 44 8b 4d 30 48 8d 45 30 4c 8b c6 48
0x00007ffd515155c8:   89 44 24 20 41 8b d6 48 8b cb e8 79 f3 fd ff 85
0x00007ffd515155d8:   c0 0f 84 dc b5 05 00 48 8b 1e 33 c9 ff 15 ee 30
0x00007ffd515155e8:   13 00 48 8b cb ff 15 cd 38 13 00 48 8d 55 40 48
0x00007ffd515155f8:   89 7d 40 8b c8 44 8b e0 e8 5f 25 ff ff 4c 8b 75
0x00007ffd51515608:   40 49 8b de 4d 85 f6 0f 84 c2 b5 05 00 4c 8b 06 


Stack slot to memory mapping:
stack at sp + 0 slots: 0x000014fbbf328be4 is an unknown value
stack at sp + 1 slots: 0x00007ffd43a396c0 awt.dll
stack at sp + 2 slots: 0x0000004f88cfddf8 is pointing into the stack for thread: 0x000001b26d7dd380
stack at sp + 3 slots: 0x0000000019930520 is an unknown value
stack at sp + 4 slots: 0x00000001e06d7363 is an unknown value
stack at sp + 5 slots: 0x0 is NULL
stack at sp + 6 slots: 0x00007ffd51515518 KERNELBASE.dll
stack at sp + 7 slots: 0x0000004f00000004 is an unknown value


---------------  P R O C E S S  ---------------

Threads class SMR info:
_java_thread_list=0x000001b2740bdbb0, length=18, elements={
0x000001b26cb044e0, 0x000001b26cb0dcc0, 0x000001b26cb19b20, 0x000001b26cb1c5e0,
0x000001b26cb1d090, 0x000001b26cb1de20, 0x000001b26d4a8f50, 0x000001b26d4ac030,
0x000001b26d539d40, 0x000001b26d67d770, 0x000001b26d7d2170, 0x000001b26d7d4810,
0x000001b26d7dd380, 0x000001b26d789460, 0x000001b247b4dff0, 0x000001b26db84d90,
0x000001b26db865a0, 0x000001b26db85260
}

Java Threads: ( => current thread )
  0x000001b26cb044e0 JavaThread "Reference Handler" daemon [_thread_blocked, id=18556, stack(0x0000004f87e00000,0x0000004f87f00000)]
  0x000001b26cb0dcc0 JavaThread "Finalizer" daemon [_thread_blocked, id=15180, stack(0x0000004f87f00000,0x0000004f88000000)]
  0x000001b26cb19b20 JavaThread "Signal Dispatcher" daemon [_thread_blocked, id=20228, stack(0x0000004f88000000,0x0000004f88100000)]
  0x000001b26cb1c5e0 JavaThread "Attach Listener" daemon [_thread_blocked, id=13148, stack(0x0000004f88100000,0x0000004f88200000)]
  0x000001b26cb1d090 JavaThread "Service Thread" daemon [_thread_blocked, id=2152, stack(0x0000004f88200000,0x0000004f88300000)]
  0x000001b26cb1de20 JavaThread "C2 CompilerThread0" daemon [_thread_blocked, id=16140, stack(0x0000004f88300000,0x0000004f88400000)]
  0x000001b26d4a8f50 JavaThread "C1 CompilerThread0" daemon [_thread_blocked, id=1476, stack(0x0000004f88400000,0x0000004f88500000)]
  0x000001b26d4ac030 JavaThread "Sweeper thread" daemon [_thread_blocked, id=20332, stack(0x0000004f88500000,0x0000004f88600000)]
  0x000001b26d539d40 JavaThread "Common-Cleaner" daemon [_thread_blocked, id=4780, stack(0x0000004f88600000,0x0000004f88700000)]
  0x000001b26d67d770 JavaThread "Notification Thread" daemon [_thread_blocked, id=13404, stack(0x0000004f88800000,0x0000004f88900000)]
  0x000001b26d7d2170 JavaThread "Java2D Disposer" daemon [_thread_blocked, id=2376, stack(0x0000004f88a00000,0x0000004f88b00000)]
  0x000001b26d7d4810 JavaThread "AWT-Shutdown" [_thread_blocked, id=8120, stack(0x0000004f88b00000,0x0000004f88c00000)]
=>0x000001b26d7dd380 JavaThread "AWT-Windows" daemon [_thread_in_native, id=9744, stack(0x0000004f88c00000,0x0000004f88d00000)]
  0x000001b26d789460 JavaThread "AWT-EventQueue-0" [_thread_in_native, id=6148, stack(0x0000004f88d00000,0x0000004f88e00000)]
  0x000001b247b4dff0 JavaThread "DestroyJavaVM" [_thread_blocked, id=4896, stack(0x0000004f87700000,0x0000004f87800000)]
  0x000001b26db84d90 JavaThread "mysql-cj-abandoned-connection-cleanup" daemon [_thread_blocked, id=4004, stack(0x0000004f89220000,0x0000004f89320000)]
  0x000001b26db865a0 JavaThread "TimerQueue" daemon [_thread_blocked, id=7344, stack(0x0000004f89720000,0x0000004f89820000)]
  0x000001b26db85260 JavaThread "D3D Screen Updater" daemon [_thread_blocked, id=19784, stack(0x0000004f89c20000,0x0000004f89d20000)]

Other Threads:
  0x000001b26cafe910 VMThread "VM Thread" [stack: 0x0000004f87d00000,0x0000004f87e00000] [id=13188]
  0x000001b247cadb90 WatcherThread [stack: 0x0000004f88900000,0x0000004f88a00000] [id=9288]
  0x000001b247cfc9f0 GCTaskThread "GC Thread#0" [stack: 0x0000004f87800000,0x0000004f87900000] [id=20584]
  0x000001b26d727340 GCTaskThread "GC Thread#1" [stack: 0x0000004f89420000,0x0000004f89520000] [id=16720]
  0x000001b26d728330 GCTaskThread "GC Thread#2" [stack: 0x0000004f89520000,0x0000004f89620000] [id=11744]
  0x000001b26d726020 GCTaskThread "GC Thread#3" [stack: 0x0000004f89620000,0x0000004f89720000] [id=7656]
  0x000001b247d0f010 ConcurrentGCThread "G1 Main Marker" [stack: 0x0000004f87900000,0x0000004f87a00000] [id=11136]
  0x000001b247d10980 ConcurrentGCThread "G1 Conc#0" [stack: 0x0000004f87a00000,0x0000004f87b00000] [id=13116]
  0x000001b26c9820c0 ConcurrentGCThread "G1 Refine#0" [stack: 0x0000004f87b00000,0x0000004f87c00000] [id=20376]
  0x000001b26c983710 ConcurrentGCThread "G1 Young RemSet Sampling" [stack: 0x0000004f87c00000,0x0000004f87d00000] [id=9380]

Threads with active compile tasks:

VM state: not at safepoint (normal execution)

VM Mutex/Monitor currently owned by a thread: None

Heap address: 0x0000000700c00000, size: 4084 MB, Compressed Oops mode: Zero based, Oop shift amount: 3
CDS archive(s) mapped at: [0x0000000800000000-0x0000000800b50000-0x0000000800b50000), size 11862016, SharedBaseAddress: 0x0000000800000000, ArchiveRelocationMode: 0.
Compressed class space mapped at: 0x0000000800b50000-0x0000000840b50000, size: 1073741824
Narrow klass base: 0x0000000800000000, Narrow klass shift: 3, Narrow klass range: 0x100000000

GC Precious Log:
 CPUs: 4 total, 4 available
 Memory: 16328M
 Large Page Support: Disabled
 NUMA Support: Disabled
 Compressed Oops: Enabled (Zero based)
 Heap Region Size: 2M
 Heap Min Capacity: 8M
 Heap Initial Capacity: 256M
 Heap Max Capacity: 4084M
 Pre-touch: Disabled
 Parallel Workers: 4
 Concurrent Workers: 1
 Concurrent Refinement Workers: 4
 Periodic GC: Disabled

Heap:
 garbage-first heap   total 262144K, used 94078K [0x0000000700c00000, 0x0000000800000000)
  region size 2048K, 22 young (45056K), 2 survivors (4096K)
 Metaspace       used 18153K, capacity 18468K, committed 18560K, reserved 1064960K
  class space    used 2020K, capacity 2113K, committed 2176K, reserved 1048576K

Heap Regions: E=young(eden), S=young(survivor), O=old, HS=humongous(starts), HC=humongous(continues), CS=collection set, F=free, OA=open archive, CA=closed archive, TAMS=top-at-mark-start (previous, next)
|   0|0x0000000700c00000, 0x0000000700e00000, 0x0000000700e00000|100%| O|  |TAMS 0x0000000700c00000, 0x0000000700c00000| Untracked 
|   1|0x0000000700e00000, 0x0000000700f95200, 0x0000000701000000| 79%| O|  |TAMS 0x0000000700e00000, 0x0000000700e00000| Untracked 
|   2|0x0000000701000000, 0x0000000701200000, 0x0000000701200000|100%|HS|  |TAMS 0x0000000701000000, 0x0000000701000000| Complete 
|   3|0x0000000701200000, 0x0000000701400000, 0x0000000701400000|100%|HC|  |TAMS 0x0000000701200000, 0x0000000701200000| Complete 
|   4|0x0000000701400000, 0x0000000701600000, 0x0000000701600000|100%|HC|  |TAMS 0x0000000701400000, 0x0000000701400000| Complete 
|   5|0x0000000701600000, 0x0000000701800000, 0x0000000701800000|100%|HC|  |TAMS 0x0000000701600000, 0x0000000701600000| Complete 
|   6|0x0000000701800000, 0x0000000701a00000, 0x0000000701a00000|100%|HC|  |TAMS 0x0000000701800000, 0x0000000701800000| Complete 
|   7|0x0000000701a00000, 0x0000000701c00000, 0x0000000701c00000|100%|HC|  |TAMS 0x0000000701a00000, 0x0000000701a00000| Complete 
|   8|0x0000000701c00000, 0x0000000701e00000, 0x0000000701e00000|100%|HC|  |TAMS 0x0000000701c00000, 0x0000000701c00000| Complete 
|   9|0x0000000701e00000, 0x0000000702000000, 0x0000000702000000|100%|HC|  |TAMS 0x0000000701e00000, 0x0000000701e00000| Complete 
|  10|0x0000000702000000, 0x0000000702200000, 0x0000000702200000|100%|HC|  |TAMS 0x0000000702000000, 0x0000000702000000| Complete 
|  11|0x0000000702200000, 0x0000000702400000, 0x0000000702400000|100%|HC|  |TAMS 0x0000000702200000, 0x0000000702200000| Complete 
|  12|0x0000000702400000, 0x0000000702600000, 0x0000000702600000|100%|HC|  |TAMS 0x0000000702400000, 0x0000000702400000| Complete 
|  13|0x0000000702600000, 0x0000000702800000, 0x0000000702800000|100%|HC|  |TAMS 0x0000000702600000, 0x0000000702600000| Complete 
|  14|0x0000000702800000, 0x0000000702a00000, 0x0000000702a00000|100%|HC|  |TAMS 0x0000000702800000, 0x0000000702800000| Complete 
|  15|0x0000000702a00000, 0x0000000702c00000, 0x0000000702c00000|100%|HC|  |TAMS 0x0000000702a00000, 0x0000000702a00000| Complete 
|  16|0x0000000702c00000, 0x0000000702e00000, 0x0000000702e00000|100%|HC|  |TAMS 0x0000000702c00000, 0x0000000702c00000| Complete 
|  17|0x0000000702e00000, 0x0000000703000000, 0x0000000703000000|100%|HC|  |TAMS 0x0000000702e00000, 0x0000000702e00000| Complete 
|  18|0x0000000703000000, 0x0000000703200000, 0x0000000703200000|100%|HC|  |TAMS 0x0000000703000000, 0x0000000703000000| Complete 
|  19|0x0000000703200000, 0x0000000703400000, 0x0000000703400000|100%|HC|  |TAMS 0x0000000703200000, 0x0000000703200000| Complete 
|  20|0x0000000703400000, 0x0000000703600000, 0x0000000703600000|100%|HC|  |TAMS 0x0000000703400000, 0x0000000703400000| Complete 
|  21|0x0000000703600000, 0x0000000703800000, 0x0000000703800000|100%|HC|  |TAMS 0x0000000703600000, 0x0000000703600000| Complete 
|  22|0x0000000703800000, 0x0000000703a00000, 0x0000000703a00000|100%|HC|  |TAMS 0x0000000703800000, 0x0000000703800000| Complete 
|  23|0x0000000703a00000, 0x0000000703c00000, 0x0000000703c00000|100%|HC|  |TAMS 0x0000000703a00000, 0x0000000703a00000| Complete 
|  24|0x0000000703c00000, 0x0000000703e00000, 0x0000000703e00000|100%|HC|  |TAMS 0x0000000703c00000, 0x0000000703c00000| Complete 
|  25|0x0000000703e00000, 0x0000000704000000, 0x0000000704000000|100%|HS|  |TAMS 0x0000000703e00000, 0x0000000703e00000| Complete 
|  26|0x0000000704000000, 0x0000000704000000, 0x0000000704200000|  0%| F|  |TAMS 0x0000000704000000, 0x0000000704000000| Untracked 
|  27|0x0000000704200000, 0x0000000704200000, 0x0000000704400000|  0%| F|  |TAMS 0x0000000704200000, 0x0000000704200000| Untracked 
|  28|0x0000000704400000, 0x0000000704400000, 0x0000000704600000|  0%| F|  |TAMS 0x0000000704400000, 0x0000000704400000| Untracked 
|  29|0x0000000704600000, 0x0000000704600000, 0x0000000704800000|  0%| F|  |TAMS 0x0000000704600000, 0x0000000704600000| Untracked 
|  30|0x0000000704800000, 0x0000000704800000, 0x0000000704a00000|  0%| F|  |TAMS 0x0000000704800000, 0x0000000704800000| Untracked 
|  31|0x0000000704a00000, 0x0000000704a00000, 0x0000000704c00000|  0%| F|  |TAMS 0x0000000704a00000, 0x0000000704a00000| Untracked 
|  32|0x0000000704c00000, 0x0000000704c00000, 0x0000000704e00000|  0%| F|  |TAMS 0x0000000704c00000, 0x0000000704c00000| Untracked 
|  33|0x0000000704e00000, 0x0000000704e00000, 0x0000000705000000|  0%| F|  |TAMS 0x0000000704e00000, 0x0000000704e00000| Untracked 
|  34|0x0000000705000000, 0x0000000705000000, 0x0000000705200000|  0%| F|  |TAMS 0x0000000705000000, 0x0000000705000000| Untracked 
|  35|0x0000000705200000, 0x0000000705200000, 0x0000000705400000|  0%| F|  |TAMS 0x0000000705200000, 0x0000000705200000| Untracked 
|  36|0x0000000705400000, 0x0000000705400000, 0x0000000705600000|  0%| F|  |TAMS 0x0000000705400000, 0x0000000705400000| Untracked 
|  37|0x0000000705600000, 0x0000000705600000, 0x0000000705800000|  0%| F|  |TAMS 0x0000000705600000, 0x0000000705600000| Untracked 
|  38|0x0000000705800000, 0x0000000705800000, 0x0000000705a00000|  0%| F|  |TAMS 0x0000000705800000, 0x0000000705800000| Untracked 
|  39|0x0000000705a00000, 0x0000000705a00000, 0x0000000705c00000|  0%| F|  |TAMS 0x0000000705a00000, 0x0000000705a00000| Untracked 
|  40|0x0000000705c00000, 0x0000000705c00000, 0x0000000705e00000|  0%| F|  |TAMS 0x0000000705c00000, 0x0000000705c00000| Untracked 
|  41|0x0000000705e00000, 0x0000000705e00000, 0x0000000706000000|  0%| F|  |TAMS 0x0000000705e00000, 0x0000000705e00000| Untracked 
|  42|0x0000000706000000, 0x0000000706000000, 0x0000000706200000|  0%| F|  |TAMS 0x0000000706000000, 0x0000000706000000| Untracked 
|  43|0x0000000706200000, 0x0000000706200000, 0x0000000706400000|  0%| F|  |TAMS 0x0000000706200000, 0x0000000706200000| Untracked 
|  44|0x0000000706400000, 0x0000000706400000, 0x0000000706600000|  0%| F|  |TAMS 0x0000000706400000, 0x0000000706400000| Untracked 
|  45|0x0000000706600000, 0x0000000706600000, 0x0000000706800000|  0%| F|  |TAMS 0x0000000706600000, 0x0000000706600000| Untracked 
|  46|0x0000000706800000, 0x0000000706800000, 0x0000000706a00000|  0%| F|  |TAMS 0x0000000706800000, 0x0000000706800000| Untracked 
|  47|0x0000000706a00000, 0x0000000706a00000, 0x0000000706c00000|  0%| F|  |TAMS 0x0000000706a00000, 0x0000000706a00000| Untracked 
|  48|0x0000000706c00000, 0x0000000706c00000, 0x0000000706e00000|  0%| F|  |TAMS 0x0000000706c00000, 0x0000000706c00000| Untracked 
|  49|0x0000000706e00000, 0x0000000706e00000, 0x0000000707000000|  0%| F|  |TAMS 0x0000000706e00000, 0x0000000706e00000| Untracked 
|  50|0x0000000707000000, 0x0000000707000000, 0x0000000707200000|  0%| F|  |TAMS 0x0000000707000000, 0x0000000707000000| Untracked 
|  51|0x0000000707200000, 0x0000000707200000, 0x0000000707400000|  0%| F|  |TAMS 0x0000000707200000, 0x0000000707200000| Untracked 
|  52|0x0000000707400000, 0x0000000707400000, 0x0000000707600000|  0%| F|  |TAMS 0x0000000707400000, 0x0000000707400000| Untracked 
|  53|0x0000000707600000, 0x0000000707600000, 0x0000000707800000|  0%| F|  |TAMS 0x0000000707600000, 0x0000000707600000| Untracked 
|  54|0x0000000707800000, 0x0000000707800000, 0x0000000707a00000|  0%| F|  |TAMS 0x0000000707800000, 0x0000000707800000| Untracked 
|  55|0x0000000707a00000, 0x0000000707a00000, 0x0000000707c00000|  0%| F|  |TAMS 0x0000000707a00000, 0x0000000707a00000| Untracked 
|  56|0x0000000707c00000, 0x0000000707c00000, 0x0000000707e00000|  0%| F|  |TAMS 0x0000000707c00000, 0x0000000707c00000| Untracked 
|  57|0x0000000707e00000, 0x0000000707e00000, 0x0000000708000000|  0%| F|  |TAMS 0x0000000707e00000, 0x0000000707e00000| Untracked 
|  58|0x0000000708000000, 0x0000000708000000, 0x0000000708200000|  0%| F|  |TAMS 0x0000000708000000, 0x0000000708000000| Untracked 
|  59|0x0000000708200000, 0x0000000708200000, 0x0000000708400000|  0%| F|  |TAMS 0x0000000708200000, 0x0000000708200000| Untracked 
|  60|0x0000000708400000, 0x0000000708400000, 0x0000000708600000|  0%| F|  |TAMS 0x0000000708400000, 0x0000000708400000| Untracked 
|  61|0x0000000708600000, 0x0000000708600000, 0x0000000708800000|  0%| F|  |TAMS 0x0000000708600000, 0x0000000708600000| Untracked 
|  62|0x0000000708800000, 0x0000000708800000, 0x0000000708a00000|  0%| F|  |TAMS 0x0000000708800000, 0x0000000708800000| Untracked 
|  63|0x0000000708a00000, 0x0000000708a00000, 0x0000000708c00000|  0%| F|  |TAMS 0x0000000708a00000, 0x0000000708a00000| Untracked 
|  64|0x0000000708c00000, 0x0000000708c00000, 0x0000000708e00000|  0%| F|  |TAMS 0x0000000708c00000, 0x0000000708c00000| Untracked 
|  65|0x0000000708e00000, 0x0000000708e00000, 0x0000000709000000|  0%| F|  |TAMS 0x0000000708e00000, 0x0000000708e00000| Untracked 
|  66|0x0000000709000000, 0x0000000709000000, 0x0000000709200000|  0%| F|  |TAMS 0x0000000709000000, 0x0000000709000000| Untracked 
|  67|0x0000000709200000, 0x0000000709200000, 0x0000000709400000|  0%| F|  |TAMS 0x0000000709200000, 0x0000000709200000| Untracked 
|  68|0x0000000709400000, 0x0000000709400000, 0x0000000709600000|  0%| F|  |TAMS 0x0000000709400000, 0x0000000709400000| Untracked 
|  69|0x0000000709600000, 0x0000000709600000, 0x0000000709800000|  0%| F|  |TAMS 0x0000000709600000, 0x0000000709600000| Untracked 
|  70|0x0000000709800000, 0x0000000709800000, 0x0000000709a00000|  0%| F|  |TAMS 0x0000000709800000, 0x0000000709800000| Untracked 
|  71|0x0000000709a00000, 0x0000000709a00000, 0x0000000709c00000|  0%| F|  |TAMS 0x0000000709a00000, 0x0000000709a00000| Untracked 
|  72|0x0000000709c00000, 0x0000000709c00000, 0x0000000709e00000|  0%| F|  |TAMS 0x0000000709c00000, 0x0000000709c00000| Untracked 
|  73|0x0000000709e00000, 0x0000000709e00000, 0x000000070a000000|  0%| F|  |TAMS 0x0000000709e00000, 0x0000000709e00000| Untracked 
|  74|0x000000070a000000, 0x000000070a000000, 0x000000070a200000|  0%| F|  |TAMS 0x000000070a000000, 0x000000070a000000| Untracked 
|  75|0x000000070a200000, 0x000000070a200000, 0x000000070a400000|  0%| F|  |TAMS 0x000000070a200000, 0x000000070a200000| Untracked 
|  76|0x000000070a400000, 0x000000070a400000, 0x000000070a600000|  0%| F|  |TAMS 0x000000070a400000, 0x000000070a400000| Untracked 
|  77|0x000000070a600000, 0x000000070a600000, 0x000000070a800000|  0%| F|  |TAMS 0x000000070a600000, 0x000000070a600000| Untracked 
|  78|0x000000070a800000, 0x000000070a800000, 0x000000070aa00000|  0%| F|  |TAMS 0x000000070a800000, 0x000000070a800000| Untracked 
|  79|0x000000070aa00000, 0x000000070aa00000, 0x000000070ac00000|  0%| F|  |TAMS 0x000000070aa00000, 0x000000070aa00000| Untracked 
|  80|0x000000070ac00000, 0x000000070ac00000, 0x000000070ae00000|  0%| F|  |TAMS 0x000000070ac00000, 0x000000070ac00000| Untracked 
|  81|0x000000070ae00000, 0x000000070ae00000, 0x000000070b000000|  0%| F|  |TAMS 0x000000070ae00000, 0x000000070ae00000| Untracked 
|  82|0x000000070b000000, 0x000000070b000000, 0x000000070b200000|  0%| F|  |TAMS 0x000000070b000000, 0x000000070b000000| Untracked 
|  83|0x000000070b200000, 0x000000070b200000, 0x000000070b400000|  0%| F|  |TAMS 0x000000070b200000, 0x000000070b200000| Untracked 
|  84|0x000000070b400000, 0x000000070b400000, 0x000000070b600000|  0%| F|  |TAMS 0x000000070b400000, 0x000000070b400000| Untracked 
|  85|0x000000070b600000, 0x000000070b600000, 0x000000070b800000|  0%| F|  |TAMS 0x000000070b600000, 0x000000070b600000| Untracked 
|  86|0x000000070b800000, 0x000000070b800000, 0x000000070ba00000|  0%| F|  |TAMS 0x000000070b800000, 0x000000070b800000| Untracked 
|  87|0x000000070ba00000, 0x000000070ba00000, 0x000000070bc00000|  0%| F|  |TAMS 0x000000070ba00000, 0x000000070ba00000| Untracked 
|  88|0x000000070bc00000, 0x000000070bc00000, 0x000000070be00000|  0%| F|  |TAMS 0x000000070bc00000, 0x000000070bc00000| Untracked 
|  89|0x000000070be00000, 0x000000070be00000, 0x000000070c000000|  0%| F|  |TAMS 0x000000070be00000, 0x000000070be00000| Untracked 
|  90|0x000000070c000000, 0x000000070c000000, 0x000000070c200000|  0%| F|  |TAMS 0x000000070c000000, 0x000000070c000000| Untracked 
|  91|0x000000070c200000, 0x000000070c200000, 0x000000070c400000|  0%| F|  |TAMS 0x000000070c200000, 0x000000070c200000| Untracked 
|  92|0x000000070c400000, 0x000000070c400000, 0x000000070c600000|  0%| F|  |TAMS 0x000000070c400000, 0x000000070c400000| Untracked 
|  93|0x000000070c600000, 0x000000070c600000, 0x000000070c800000|  0%| F|  |TAMS 0x000000070c600000, 0x000000070c600000| Untracked 
|  94|0x000000070c800000, 0x000000070c800000, 0x000000070ca00000|  0%| F|  |TAMS 0x000000070c800000, 0x000000070c800000| Untracked 
|  95|0x000000070ca00000, 0x000000070ca00000, 0x000000070cc00000|  0%| F|  |TAMS 0x000000070ca00000, 0x000000070ca00000| Untracked 
|  96|0x000000070cc00000, 0x000000070cc00000, 0x000000070ce00000|  0%| F|  |TAMS 0x000000070cc00000, 0x000000070cc00000| Untracked 
|  97|0x000000070ce00000, 0x000000070ce00000, 0x000000070d000000|  0%| F|  |TAMS 0x000000070ce00000, 0x000000070ce00000| Untracked 
|  98|0x000000070d000000, 0x000000070d000000, 0x000000070d200000|  0%| F|  |TAMS 0x000000070d000000, 0x000000070d000000| Untracked 
|  99|0x000000070d200000, 0x000000070d200000, 0x000000070d400000|  0%| F|  |TAMS 0x000000070d200000, 0x000000070d200000| Untracked 
| 100|0x000000070d400000, 0x000000070d400000, 0x000000070d600000|  0%| F|  |TAMS 0x000000070d400000, 0x000000070d400000| Untracked 
| 101|0x000000070d600000, 0x000000070d600000, 0x000000070d800000|  0%| F|  |TAMS 0x000000070d600000, 0x000000070d600000| Untracked 
| 102|0x000000070d800000, 0x000000070d800000, 0x000000070da00000|  0%| F|  |TAMS 0x000000070d800000, 0x000000070d800000| Untracked 
| 103|0x000000070da00000, 0x000000070da00000, 0x000000070dc00000|  0%| F|  |TAMS 0x000000070da00000, 0x000000070da00000| Untracked 
| 104|0x000000070dc00000, 0x000000070dc00000, 0x000000070de00000|  0%| F|  |TAMS 0x000000070dc00000, 0x000000070dc00000| Untracked 
| 105|0x000000070de00000, 0x000000070de00000, 0x000000070e000000|  0%| F|  |TAMS 0x000000070de00000, 0x000000070de00000| Untracked 
| 106|0x000000070e000000, 0x000000070e1d05a8, 0x000000070e200000| 90%| E|  |TAMS 0x000000070e000000, 0x000000070e000000| Complete 
| 107|0x000000070e200000, 0x000000070e400000, 0x000000070e400000|100%| E|CS|TAMS 0x000000070e200000, 0x000000070e200000| Complete 
| 108|0x000000070e400000, 0x000000070e600000, 0x000000070e600000|100%| E|CS|TAMS 0x000000070e400000, 0x000000070e400000| Complete 
| 109|0x000000070e600000, 0x000000070e800000, 0x000000070e800000|100%| E|CS|TAMS 0x000000070e600000, 0x000000070e600000| Complete 
| 110|0x000000070e800000, 0x000000070ea00000, 0x000000070ea00000|100%| E|CS|TAMS 0x000000070e800000, 0x000000070e800000| Complete 
| 111|0x000000070ea00000, 0x000000070ec00000, 0x000000070ec00000|100%| E|CS|TAMS 0x000000070ea00000, 0x000000070ea00000| Complete 
| 112|0x000000070ec00000, 0x000000070ee00000, 0x000000070ee00000|100%| E|CS|TAMS 0x000000070ec00000, 0x000000070ec00000| Complete 
| 113|0x000000070ee00000, 0x000000070f000000, 0x000000070f000000|100%| E|CS|TAMS 0x000000070ee00000, 0x000000070ee00000| Complete 
| 114|0x000000070f000000, 0x000000070f200000, 0x000000070f200000|100%| E|CS|TAMS 0x000000070f000000, 0x000000070f000000| Complete 
| 115|0x000000070f200000, 0x000000070f400000, 0x000000070f400000|100%| E|CS|TAMS 0x000000070f200000, 0x000000070f200000| Complete 
| 116|0x000000070f400000, 0x000000070f44a618, 0x000000070f600000| 14%| S|CS|TAMS 0x000000070f400000, 0x000000070f400000| Complete 
| 117|0x000000070f600000, 0x000000070f800000, 0x000000070f800000|100%| S|CS|TAMS 0x000000070f600000, 0x000000070f600000| Complete 
| 118|0x000000070f800000, 0x000000070fa00000, 0x000000070fa00000|100%| E|CS|TAMS 0x000000070f800000, 0x000000070f800000| Complete 
| 119|0x000000070fa00000, 0x000000070fc00000, 0x000000070fc00000|100%| E|CS|TAMS 0x000000070fa00000, 0x000000070fa00000| Complete 
| 120|0x000000070fc00000, 0x000000070fe00000, 0x000000070fe00000|100%| E|CS|TAMS 0x000000070fc00000, 0x000000070fc00000| Complete 
| 121|0x000000070fe00000, 0x0000000710000000, 0x0000000710000000|100%| E|CS|TAMS 0x000000070fe00000, 0x000000070fe00000| Complete 
| 122|0x0000000710000000, 0x0000000710200000, 0x0000000710200000|100%| E|CS|TAMS 0x0000000710000000, 0x0000000710000000| Complete 
| 123|0x0000000710200000, 0x0000000710400000, 0x0000000710400000|100%| E|CS|TAMS 0x0000000710200000, 0x0000000710200000| Complete 
| 124|0x0000000710400000, 0x0000000710600000, 0x0000000710600000|100%| E|CS|TAMS 0x0000000710400000, 0x0000000710400000| Complete 
| 125|0x0000000710600000, 0x0000000710800000, 0x0000000710800000|100%| E|CS|TAMS 0x0000000710600000, 0x0000000710600000| Complete 
| 126|0x0000000710800000, 0x0000000710a00000, 0x0000000710a00000|100%| E|CS|TAMS 0x0000000710800000, 0x0000000710800000| Complete 
| 127|0x0000000710a00000, 0x0000000710c00000, 0x0000000710c00000|100%| E|CS|TAMS 0x0000000710a00000, 0x0000000710a00000| Complete 

Card table byte_map: [0x000001b2614f0000,0x000001b261cf0000] _byte_map_base: 0x000001b25dcea000

Marking Bits (Prev, Next): (CMBitMap*) 0x000001b247cfe670, (CMBitMap*) 0x000001b247cfe6b0
 Prev Bits: [0x000001b2624f0000, 0x000001b2664c0000)
 Next Bits: [0x000001b2664c0000, 0x000001b26a490000)

Polling page: 0x000001b247d80000

Metaspace:

Usage:
  Non-class:     15.97 MB capacity,    15.76 MB ( 99%) used,   198.16 KB (  1%) free+waste,    23.19 KB ( <1%) overhead. 
      Class:      2.06 MB capacity,     1.97 MB ( 96%) used,    83.96 KB (  4%) free+waste,     8.75 KB ( <1%) overhead. 
       Both:     18.04 MB capacity,    17.73 MB ( 98%) used,   282.12 KB (  2%) free+waste,    31.94 KB ( <1%) overhead. 

Virtual space:
  Non-class space:       16.00 MB reserved,      16.00 MB (100%) committed 
      Class space:        1.00 GB reserved,       2.13 MB ( <1%) committed 
             Both:        1.02 GB reserved,      18.13 MB (  2%) committed 

Chunk freelists:
   Non-Class:  29.00 KB
       Class:  0 bytes
        Both:  29.00 KB

MaxMetaspaceSize: 17179869184.00 GB
CompressedClassSpaceSize: 1.00 GB

CodeHeap 'non-profiled nmethods': size=120000Kb used=748Kb max_used=748Kb free=119251Kb
 bounds [0x000001b2591a0000, 0x000001b259410000, 0x000001b2606d0000]
CodeHeap 'profiled nmethods': size=120000Kb used=3906Kb max_used=3906Kb free=116093Kb
 bounds [0x000001b251c70000, 0x000001b252050000, 0x000001b2591a0000]
CodeHeap 'non-nmethods': size=5760Kb used=1377Kb max_used=1394Kb free=4382Kb
 bounds [0x000001b2516d0000, 0x000001b251940000, 0x000001b251c70000]
 total_blobs=2772 nmethods=2083 adapters=601
 compilation: enabled
              stopped_count=0, restarted_count=0
 full_count=0

Compilation events (20 events):
Event: 401.088 Thread 0x000001b26d4a8f50 2074   !   3       jdk.internal.loader.BuiltinClassLoader::findResource (154 bytes)
Event: 401.092 Thread 0x000001b26d4a8f50 nmethod 2074 0x000001b252037f90 code [0x000001b2520382e0, 0x000001b252039748]
Event: 401.092 Thread 0x000001b26d4a8f50 2076       3       jdk.internal.loader.BuiltinClassLoader::hasClassPath (13 bytes)
Event: 401.092 Thread 0x000001b26d4a8f50 nmethod 2076 0x000001b252039f10 code [0x000001b25203a0a0, 0x000001b25203a1f8]
Event: 401.092 Thread 0x000001b26d4a8f50 2075   !   3       jdk.internal.loader.BuiltinClassLoader::findMiscResource (122 bytes)
Event: 401.094 Thread 0x000001b26d4a8f50 nmethod 2075 0x000001b25203a290 code [0x000001b25203a540, 0x000001b25203b808]
Event: 466.114 Thread 0x000001b26cb1de20 2078       4       sun.java2d.loops.GraphicsPrimitiveMgr$2::compare (39 bytes)
Event: 466.115 Thread 0x000001b26cb1de20 nmethod 2078 0x000001b25925af90 code [0x000001b25925b120, 0x000001b25925b218]
Event: 466.115 Thread 0x000001b26d4a8f50 2079       3       java.beans.PropertyChangeSupport::firePropertyChange (35 bytes)
Event: 466.116 Thread 0x000001b26d4a8f50 nmethod 2079 0x000001b25203bd10 code [0x000001b25203bf20, 0x000001b25203c6e8]
Event: 466.116 Thread 0x000001b26d4a8f50 2080       3       java.util.IdentityHashMap$IdentityHashMapIterator::nextIndex (72 bytes)
Event: 466.116 Thread 0x000001b26d4a8f50 nmethod 2080 0x000001b25203c910 code [0x000001b25203cae0, 0x000001b25203cec8]
Event: 521.189 Thread 0x000001b26d4a8f50 2081       3       java.net.URL::isBuiltinStreamHandler (32 bytes)
Event: 521.192 Thread 0x000001b26d4a8f50 nmethod 2081 0x000001b25203d010 code [0x000001b25203d300, 0x000001b25203e3d8]
Event: 521.192 Thread 0x000001b26d4a8f50 2082       3       java.net.URL::isBuiltinStreamHandler (8 bytes)
Event: 521.193 Thread 0x000001b26d4a8f50 nmethod 2082 0x000001b25203e990 code [0x000001b25203eb40, 0x000001b25203ed08]
Event: 521.193 Thread 0x000001b26d4a8f50 2083       3       sun.net.util.IPAddressUtil::checkHostString (53 bytes)
Event: 521.195 Thread 0x000001b26d4a8f50 nmethod 2083 0x000001b25203ee10 code [0x000001b25203f0c0, 0x000001b25203fc68]
Event: 527.178 Thread 0x000001b26d4a8f50 2084   !   3       java.awt.Component::firePropertyChange (59 bytes)
Event: 527.178 Thread 0x000001b26d4a8f50 nmethod 2084 0x000001b252040090 code [0x000001b252040260, 0x000001b252040798]

GC Heap History (6 events):
Event: 0.522 GC heap before
{Heap before GC invocations=0 (full 0):
 garbage-first heap   total 262144K, used 12288K [0x0000000700c00000, 0x0000000800000000)
  region size 2048K, 6 young (12288K), 0 survivors (0K)
 Metaspace       used 7228K, capacity 7404K, committed 7552K, reserved 1056768K
  class space    used 768K, capacity 840K, committed 896K, reserved 1048576K
}
Event: 0.525 GC heap after
{Heap after GC invocations=1 (full 0):
 garbage-first heap   total 262144K, used 2301K [0x0000000700c00000, 0x0000000800000000)
  region size 2048K, 1 young (2048K), 1 survivors (2048K)
 Metaspace       used 7228K, capacity 7404K, committed 7552K, reserved 1056768K
  class space    used 768K, capacity 840K, committed 896K, reserved 1048576K
}
Event: 0.961 GC heap before
{Heap before GC invocations=1 (full 0):
 garbage-first heap   total 262144K, used 14589K [0x0000000700c00000, 0x0000000800000000)
  region size 2048K, 8 young (16384K), 1 survivors (2048K)
 Metaspace       used 16530K, capacity 16795K, committed 16896K, reserved 1064960K
  class space    used 1881K, capacity 1983K, committed 2048K, reserved 1048576K
}
Event: 0.965 GC heap after
{Heap after GC invocations=2 (full 0):
 garbage-first heap   total 262144K, used 5716K [0x0000000700c00000, 0x0000000800000000)
  region size 2048K, 1 young (2048K), 1 survivors (2048K)
 Metaspace       used 16530K, capacity 16795K, committed 16896K, reserved 1064960K
  class space    used 1881K, capacity 1983K, committed 2048K, reserved 1048576K
}
Event: 1.115 GC heap before
{Heap before GC invocations=2 (full 0):
 garbage-first heap   total 262144K, used 69204K [0x0000000700c00000, 0x0000000800000000)
  region size 2048K, 10 young (20480K), 1 survivors (2048K)
 Metaspace       used 16725K, capacity 16987K, committed 17152K, reserved 1064960K
  class space    used 1892K, capacity 1983K, committed 2048K, reserved 1048576K
}
Event: 1.117 GC heap after
{Heap after GC invocations=3 (full 0):
 garbage-first heap   total 262144K, used 53118K [0x0000000700c00000, 0x0000000800000000)
  region size 2048K, 2 young (4096K), 2 survivors (4096K)
 Metaspace       used 16725K, capacity 16987K, committed 17152K, reserved 1064960K
  class space    used 1892K, capacity 1983K, committed 2048K, reserved 1048576K
}

Deoptimization events (20 events):
Event: 2.997 Thread 0x000001b26d789460 DEOPT PACKING pc=0x000001b252003986 sp=0x0000004f88dfd510
Event: 2.997 Thread 0x000001b26d789460 DEOPT UNPACKING pc=0x000001b25171e23f sp=0x0000004f88dfc9c8 mode 0
Event: 3.015 Thread 0x000001b26d789460 DEOPT PACKING pc=0x000001b251e9646e sp=0x0000004f88dfd0f0
Event: 3.015 Thread 0x000001b26d789460 DEOPT UNPACKING pc=0x000001b25171e23f sp=0x0000004f88dfc520 mode 0
Event: 8.459 Thread 0x000001b26d789460 Uncommon trap: trap_request=0xffffff45 fr.pc=0x000001b25924d69c relative=0x000000000000009c
Event: 8.459 Thread 0x000001b26d789460 Uncommon trap: reason=unstable_if action=reinterpret pc=0x000001b25924d69c method=java.awt.Component.inside(II)Z @ 9 c2
Event: 8.459 Thread 0x000001b26d789460 DEOPT PACKING pc=0x000001b25924d69c sp=0x0000004f88dfe7d0
Event: 8.459 Thread 0x000001b26d789460 DEOPT UNPACKING pc=0x000001b25171e42f sp=0x0000004f88dfe668 mode 2
Event: 363.101 Thread 0x000001b26db85260 Uncommon trap: trap_request=0xffffffcc fr.pc=0x000001b25925a0d8 relative=0x00000000000002b8
Event: 363.101 Thread 0x000001b26db85260 Uncommon trap: reason=intrinsic_or_type_checked_inlining action=make_not_entrant pc=0x000001b25925a0d8 method=java.util.Arrays.copyOf([Ljava/lang/Object;ILjava/lang/Class;)[Ljava/lang/Object; @ 35 c2
Event: 363.101 Thread 0x000001b26db85260 DEOPT PACKING pc=0x000001b25925a0d8 sp=0x0000004f89d1ef20
Event: 363.101 Thread 0x000001b26db85260 DEOPT UNPACKING pc=0x000001b25171e42f sp=0x0000004f89d1eeb0 mode 2
Event: 527.178 Thread 0x000001b26d789460 Uncommon trap: trap_request=0xffffff45 fr.pc=0x000001b259202d68 relative=0x0000000000000248
Event: 527.178 Thread 0x000001b26d789460 Uncommon trap: reason=unstable_if action=reinterpret pc=0x000001b259202d68 method=java.util.HashMap$HashIterator.<init>(Ljava/util/HashMap;)V @ 45 c2
Event: 527.178 Thread 0x000001b26d789460 DEOPT PACKING pc=0x000001b259202d68 sp=0x0000004f88dfeb70
Event: 527.178 Thread 0x000001b26d789460 DEOPT UNPACKING pc=0x000001b25171e42f sp=0x0000004f88dfea60 mode 2
Event: 530.608 Thread 0x000001b26d789460 Uncommon trap: trap_request=0xffffff45 fr.pc=0x000001b25920251c relative=0x000000000000037c
Event: 530.608 Thread 0x000001b26d789460 Uncommon trap: reason=unstable_if action=reinterpret pc=0x000001b25920251c method=java.util.HashMap$HashIterator.<init>(Ljava/util/HashMap;)V @ 45 c2
Event: 530.608 Thread 0x000001b26d789460 DEOPT PACKING pc=0x000001b25920251c sp=0x0000004f88dfeac0
Event: 530.608 Thread 0x000001b26d789460 DEOPT UNPACKING pc=0x000001b25171e42f sp=0x0000004f88dfea78 mode 2

Classes unloaded (0 events):
No events

Classes redefined (0 events):
No events

Internal exceptions (20 events):
Event: 0.384 Thread 0x000001b26d789460 Exception <a 'java/lang/NoSuchMethodError'{0x00000007107656a0}: 'java.lang.Object java.lang.invoke.DirectMethodHandle$Holder.invokeStatic(java.lang.Object, int, java.lang.Object)'> (0x00000007107656a0) 
thrown [./open/src/hotspot/share/interpreter/linkResolver.cpp, line 782]
Event: 0.400 Thread 0x000001b26d789460 Exception <a 'java/lang/ClassNotFoundException'{0x000000071041d8f0}: com/sun/swing/internal/plaf/metal/resources/spi/metalProvider> (0x000000071041d8f0) 
thrown [./open/src/hotspot/share/classfile/systemDictionary.cpp, line 295]
Event: 0.401 Thread 0x000001b26d789460 Exception <a 'java/lang/ClassNotFoundException'{0x0000000710421bb0}: com/sun/swing/internal/plaf/basic/resources/spi/basicProvider> (0x0000000710421bb0) 
thrown [./open/src/hotspot/share/classfile/systemDictionary.cpp, line 295]
Event: 0.404 Thread 0x000001b26d789460 Implicit null exception at 0x000001b2591cf7d8 to 0x000001b2591cf86a
Event: 0.445 Thread 0x000001b26d789460 Exception <a 'java/lang/NoSuchMethodError'{0x00000007105d52f0}: 'void java.lang.invoke.DirectMethodHandle$Holder.invokeStatic(java.lang.Object, java.lang.Object, java.lang.Object)'> (0x00000007105d52f0) 
thrown [./open/src/hotspot/share/interpreter/linkResolver.cpp, line 782]
Event: 0.446 Thread 0x000001b26d789460 Exception <a 'java/lang/NoSuchMethodError'{0x00000007105dfac0}: 'java.lang.Object java.lang.invoke.DirectMethodHandle$Holder.invokeVirtual(java.lang.Object, java.lang.Object, java.lang.Object)'> (0x00000007105dfac0) 
thrown [./open/src/hotspot/share/interpreter/linkResolver.cpp, line 782]
Event: 0.505 Thread 0x000001b26d789460 Exception <a 'java/lang/NoSuchMethodError'{0x0000000710143bf8}: 'void java.lang.invoke.DirectMethodHandle$Holder.invokeStatic(java.lang.Object, java.lang.Object)'> (0x0000000710143bf8) 
thrown [./open/src/hotspot/share/interpreter/linkResolver.cpp, line 782]
Event: 0.535 Thread 0x000001b26d789460 Exception <a 'java/lang/NoSuchMethodError'{0x0000000710a9e5f0}: 'void java.lang.invoke.DirectMethodHandle$Holder.invokeStaticInit(java.lang.Object, java.lang.Object)'> (0x0000000710a9e5f0) 
thrown [./open/src/hotspot/share/interpreter/linkResolver.cpp, line 782]
Event: 0.605 Thread 0x000001b26d789460 Exception <a 'java/lang/NoSuchMethodError'{0x00000007108f4d98}: 'java.lang.Object java.lang.invoke.DirectMethodHandle$Holder.invokeStaticInit(java.lang.Object, int, int, int, int)'> (0x00000007108f4d98) 
thrown [./open/src/hotspot/share/interpreter/linkResolver.cpp, line 782]
Event: 0.606 Thread 0x000001b26d789460 Exception <a 'sun/nio/fs/WindowsException'{0x00000007108fb860}> (0x00000007108fb860) 
thrown [./open/src/hotspot/share/prims/jni.cpp, line 578]
Event: 0.618 Thread 0x000001b26d789460 Exception <a 'java/lang/NoSuchMethodError'{0x0000000710925a38}: 'int java.lang.invoke.DirectMethodHandle$Holder.invokeStaticInit(java.lang.Object, java.lang.Object, java.lang.Object, java.lang.Object)'> (0x0000000710925a38) 
thrown [./open/src/hotspot/share/interpreter/linkResolver.cpp, line 782]
Event: 0.620 Thread 0x000001b26d789460 Exception <a 'java/lang/IncompatibleClassChangeError'{0x000000071092f150}: Found class java.lang.Object, but interface was expected> (0x000000071092f150) 
thrown [./open/src/hotspot/share/interpreter/linkResolver.cpp, line 848]
Event: 0.621 Thread 0x000001b26d789460 Exception <a 'java/lang/NoSuchMethodError'{0x0000000710934940}: 'int java.lang.invoke.DirectMethodHandle$Holder.invokeStaticInit(java.lang.Object, java.lang.Object)'> (0x0000000710934940) 
thrown [./open/src/hotspot/share/interpreter/linkResolver.cpp, line 782]
Event: 0.712 Thread 0x000001b26d789460 Exception <a 'java/lang/NoSuchMethodError'{0x00000007107fec38}: 'java.lang.Object java.lang.invoke.DirectMethodHandle$Holder.invokeStaticInit(java.lang.Object, java.lang.Object, int, int, int, int)'> (0x00000007107fec38) 
thrown [./open/src/hotspot/share/interpreter/linkResolver.cpp, line 782]
Event: 0.797 Thread 0x000001b26d789460 Implicit null exception at 0x000001b259200375 to 0x000001b259200438
Event: 0.873 Thread 0x000001b26d789460 Exception <a 'java/io/IOException'{0x000000070fcb5028}> (0x000000070fcb5028) 
thrown [./open/src/hotspot/share/prims/jni.cpp, line 578]
Event: 0.930 Thread 0x000001b26db843f0 Exception <a 'java/io/FileNotFoundException'{0x000000070fd6aeb8}> (0x000000070fd6aeb8) 
thrown [./open/src/hotspot/share/prims/jni.cpp, line 578]
Event: 0.931 Thread 0x000001b26db843f0 Exception <a 'java/lang/NoSuchMethodError'{0x000000070fd73fd8}: 'java.lang.Object java.lang.invoke.DirectMethodHandle$Holder.newInvokeSpecial(java.lang.Object, java.lang.Object, java.lang.Object, int, int, int, int, int)'> (0x000000070fd73fd8) 
thrown [./open/src/hotspot/share/interpreter/linkResolver.cpp, line 782]
Event: 0.955 Thread 0x000001b26d789460 Exception <a 'java/lang/NoSuchMethodError'{0x000000070fdac8c8}: 'void java.lang.invoke.DirectMethodHandle$Holder.invokeStaticInit(java.lang.Object)'> (0x000000070fdac8c8) 
thrown [./open/src/hotspot/share/interpreter/linkResolver.cpp, line 782]
Event: 466.110 Thread 0x000001b26d789460 Exception <a 'java/lang/NoSuchMethodError'{0x000000070e03d0c0}: 'void java.lang.invoke.DirectMethodHandle$Holder.invokeVirtual(java.lang.Object, java.lang.Object)'> (0x000000070e03d0c0) 
thrown [./open/src/hotspot/share/interpreter/linkResolver.cpp, line 782]

Events (20 events):
Event: 3.735 loading class java/awt/LightweightDispatcher$2 done
Event: 4.118 Executing VM operation: HandshakeAllThreads
Event: 4.118 Executing VM operation: HandshakeAllThreads done
Event: 6.220 Thread 0x000001b26db843f0 Thread exited: 0x000001b26db843f0
Event: 9.120 Executing VM operation: HandshakeAllThreads
Event: 9.120 Executing VM operation: HandshakeAllThreads done
Event: 9.224 loading class sun/awt/windows/WInputMethod$1
Event: 9.224 loading class sun/awt/windows/WInputMethod$1 done
Event: 9.224 loading class java/awt/font/TextHitInfo
Event: 9.225 loading class java/awt/font/TextHitInfo done
Event: 9.304 loading class java/awt/KeyboardFocusManager$2
Event: 9.304 loading class java/awt/KeyboardFocusManager$2 done
Event: 9.304 loading class sun/awt/SunToolkit$1
Event: 9.304 loading class sun/awt/SunToolkit$1 done
Event: 465.528 loading class java/util/WeakHashMap$KeyIterator
Event: 465.528 loading class java/util/WeakHashMap$HashIterator
Event: 465.528 loading class java/util/WeakHashMap$HashIterator done
Event: 465.528 loading class java/util/WeakHashMap$KeyIterator done
Event: 466.114 loading class javax/swing/RepaintManager$DisplayChangedRunnable
Event: 466.114 loading class javax/swing/RepaintManager$DisplayChangedRunnable done


Dynamic libraries:
0x00007ff7ef980000 - 0x00007ff7ef98f000 	C:\Program Files\Java\jdk-15.0.1\bin\javaw.exe
0x00007ffd546e0000 - 0x00007ffd548c0000 	C:\Windows\SYSTEM32\ntdll.dll
0x00007ffd54500000 - 0x00007ffd545ae000 	C:\Windows\System32\KERNEL32.DLL
0x00007ffd514d0000 - 0x00007ffd51736000 	C:\Windows\System32\KERNELBASE.dll
0x00007ffd51740000 - 0x00007ffd51834000 	C:\Windows\System32\ucrtbase.dll
0x00007ffd4ae30000 - 0x00007ffd4ae48000 	C:\Program Files\Java\jdk-15.0.1\bin\jli.dll
0x00007ffd523f0000 - 0x00007ffd52491000 	C:\Windows\System32\ADVAPI32.dll
0x00007ffd525f0000 - 0x00007ffd5268d000 	C:\Windows\System32\msvcrt.dll
0x00007ffd51d40000 - 0x00007ffd51d9b000 	C:\Windows\System32\sechost.dll
0x00007ffd528d0000 - 0x00007ffd529ef000 	C:\Windows\System32\RPCRT4.dll
0x00007ffd51bb0000 - 0x00007ffd51d3f000 	C:\Windows\System32\USER32.dll
0x00007ffd50b60000 - 0x00007ffd50b80000 	C:\Windows\System32\win32u.dll
0x00007ffd54620000 - 0x00007ffd54648000 	C:\Windows\System32\GDI32.dll
0x00007ffd512d0000 - 0x00007ffd51463000 	C:\Windows\System32\gdi32full.dll
0x00007ffd51840000 - 0x00007ffd518db000 	C:\Windows\System32\msvcp_win.dll
0x00007ffd4d460000 - 0x00007ffd4d479000 	C:\Program Files\Java\jdk-15.0.1\bin\VCRUNTIME140.dll
0x00007ffd48190000 - 0x00007ffd483f9000 	C:\Windows\WinSxS\amd64_microsoft.windows.common-controls_6595b64144ccf1df_6.0.16299.1087_none_0f9074b65a6589b7\COMCTL32.dll
0x00007ffd52020000 - 0x00007ffd52326000 	C:\Windows\System32\combase.dll
0x00007ffd50ae0000 - 0x00007ffd50b52000 	C:\Windows\System32\bcryptPrimitives.dll
0x00007ffd4c680000 - 0x00007ffd4c68a000 	C:\Windows\SYSTEM32\VERSION.dll
0x00007ffd52b20000 - 0x00007ffd52b4d000 	C:\Windows\System32\IMM32.DLL
0x00007ffd4db90000 - 0x00007ffd4db9c000 	C:\Program Files\Java\jdk-15.0.1\bin\vcruntime140_1.dll
0x00007ffd4a880000 - 0x00007ffd4a911000 	C:\Program Files\Java\jdk-15.0.1\bin\msvcp140.dll
0x00007ffd0a700000 - 0x00007ffd0b25e000 	C:\Program Files\Java\jdk-15.0.1\bin\server\jvm.dll
0x00007ffd523e0000 - 0x00007ffd523e8000 	C:\Windows\System32\PSAPI.DLL
0x00007ffd4b380000 - 0x00007ffd4b389000 	C:\Windows\SYSTEM32\WSOCK32.dll
0x00007ffd545b0000 - 0x00007ffd5461c000 	C:\Windows\System32\WS2_32.dll
0x00007ffd49ca0000 - 0x00007ffd49cc3000 	C:\Windows\SYSTEM32\WINMM.dll
0x00007ffd49c40000 - 0x00007ffd49c6a000 	C:\Windows\SYSTEM32\WINMMBASE.dll
0x00007ffd518e0000 - 0x00007ffd5192a000 	C:\Windows\System32\cfgmgr32.dll
0x00007ffd50aa0000 - 0x00007ffd50ab1000 	C:\Windows\System32\kernel.appcore.dll
0x00007ffd4b350000 - 0x00007ffd4b35a000 	C:\Program Files\Java\jdk-15.0.1\bin\jimage.dll
0x00007ffd289a0000 - 0x00007ffd28b68000 	C:\Windows\SYSTEM32\DBGHELP.DLL
0x00007ffd281e0000 - 0x00007ffd28209000 	C:\Windows\SYSTEM32\dbgcore.DLL
0x00007ffd4ae00000 - 0x00007ffd4ae25000 	C:\Program Files\Java\jdk-15.0.1\bin\java.dll
0x00007ffd52bc0000 - 0x00007ffd53ff8000 	C:\Windows\System32\SHELL32.dll
0x00007ffd54000000 - 0x00007ffd540a6000 	C:\Windows\System32\shcore.dll
0x00007ffd50b80000 - 0x00007ffd512c7000 	C:\Windows\System32\windows.storage.dll
0x00007ffd529f0000 - 0x00007ffd52a41000 	C:\Windows\System32\shlwapi.dll
0x00007ffd50a50000 - 0x00007ffd50a9c000 	C:\Windows\System32\powrprof.dll
0x00007ffd50a30000 - 0x00007ffd50a4b000 	C:\Windows\System32\profapi.dll
0x00007ffd4ade0000 - 0x00007ffd4adf9000 	C:\Program Files\Java\jdk-15.0.1\bin\net.dll
0x00007ffd4cad0000 - 0x00007ffd4cbae000 	C:\Windows\SYSTEM32\WINHTTP.dll
0x00007ffd50260000 - 0x00007ffd502c6000 	C:\Windows\system32\mswsock.dll
0x00007ffd4a860000 - 0x00007ffd4a872000 	C:\Program Files\Java\jdk-15.0.1\bin\nio.dll
0x00007ffd4a840000 - 0x00007ffd4a858000 	C:\Program Files\Java\jdk-15.0.1\bin\zip.dll
0x00007ffd43920000 - 0x00007ffd43aa0000 	C:\Program Files\Java\jdk-15.0.1\bin\awt.dll
0x00007ffd52a50000 - 0x00007ffd52b14000 	C:\Windows\System32\OLEAUT32.dll
0x00007ffd4efb0000 - 0x00007ffd4f038000 	C:\Windows\SYSTEM32\apphelp.dll
0x00007ffd4f200000 - 0x00007ffd4f295000 	C:\Windows\system32\uxtheme.dll
0x00007ffd51da0000 - 0x00007ffd51f07000 	C:\Windows\System32\MSCTF.dll
0x00007ffd4f450000 - 0x00007ffd4f47a000 	C:\Windows\system32\dwmapi.dll
0x00007ffd524a0000 - 0x00007ffd525e9000 	C:\Windows\System32\ole32.dll
0x00007ffd41cf0000 - 0x00007ffd41e0e000 	C:\Windows\system32\opengl32.dll
0x00007ffd4acd0000 - 0x00007ffd4acfc000 	C:\Windows\SYSTEM32\GLU32.dll
0x00007ffd51930000 - 0x00007ffd51afe000 	C:\Windows\System32\crypt32.dll
0x00007ffd50ac0000 - 0x00007ffd50ad2000 	C:\Windows\System32\MSASN1.dll
0x00007ffd51470000 - 0x00007ffd514c9000 	C:\Windows\System32\WINTRUST.DLL
0x00007ffd52830000 - 0x00007ffd5284d000 	C:\Windows\System32\imagehlp.dll
0x00007ffd50420000 - 0x00007ffd50437000 	C:\Windows\SYSTEM32\CRYPTSP.dll
0x00007ffd4fe60000 - 0x00007ffd4fe93000 	C:\Windows\system32\rsaenh.dll
0x00007ffd50590000 - 0x00007ffd505b5000 	C:\Windows\SYSTEM32\bcrypt.dll
0x00007ffd50440000 - 0x00007ffd5044b000 	C:\Windows\SYSTEM32\CRYPTBASE.dll
0x00007ffd4f810000 - 0x00007ffd4f832000 	C:\Windows\SYSTEM32\gpapi.dll
0x00007ffd0eb90000 - 0x00007ffd0ebbf000 	C:\Windows\SYSTEM32\cryptnet.dll
0x00007ffd50030000 - 0x00007ffd500e6000 	C:\Windows\SYSTEM32\DNSAPI.dll
0x00007ffd523d0000 - 0x00007ffd523d8000 	C:\Windows\System32\NSI.dll
0x00007ffd4fff0000 - 0x00007ffd50029000 	C:\Windows\SYSTEM32\IPHLPAPI.DLL
0x00007ffd4a290000 - 0x00007ffd4a29a000 	C:\Windows\System32\rasadhlp.dll
0x00007ffd4a2c0000 - 0x00007ffd4a330000 	C:\Windows\System32\fwpuclnt.dll
0x00007ffd50930000 - 0x00007ffd50959000 	C:\Windows\SYSTEM32\USERENV.dll
0x00007ffd4c630000 - 0x00007ffd4c646000 	C:\Windows\SYSTEM32\dhcpcsvc6.DLL
0x00007ffd4c3b0000 - 0x00007ffd4c3ca000 	C:\Windows\SYSTEM32\dhcpcsvc.DLL
0x00007ffd4a7e0000 - 0x00007ffd4a7ed000 	C:\Program Files\Java\jdk-15.0.1\bin\sunmscapi.dll
0x00007ffd50500000 - 0x00007ffd50526000 	C:\Windows\SYSTEM32\ncrypt.dll
0x00007ffd504c0000 - 0x00007ffd504f6000 	C:\Windows\SYSTEM32\NTASN1.dll
0x00007ffd48ed0000 - 0x00007ffd48f55000 	C:\Program Files\Java\jdk-15.0.1\bin\freetype.dll
0x00007ffd41280000 - 0x00007ffd41329000 	C:\Program Files\Java\jdk-15.0.1\bin\fontmanager.dll
0x00007ffd52330000 - 0x00007ffd523ce000 	C:\Windows\System32\clbcatq.dll
0x00007ffd485b0000 - 0x00007ffd4875c000 	C:\Windows\SYSTEM32\WindowsCodecs.dll
0x00007ffd42b70000 - 0x00007ffd42bbf000 	C:\Windows\system32\dataexchange.dll
0x00007ffd4e9e0000 - 0x00007ffd4eb22000 	C:\Windows\system32\dcomp.dll
0x00007ffd4e030000 - 0x00007ffd4e312000 	C:\Windows\system32\d3d11.dll
0x00007ffd4f890000 - 0x00007ffd4f93f000 	C:\Windows\system32\dxgi.dll
0x00007ffd4f2d0000 - 0x00007ffd4f44b000 	C:\Windows\system32\twinapi.appcore.dll
0x00007ffd4f4c0000 - 0x00007ffd4f4e0000 	C:\Windows\system32\RMCLIENT.dll
0x00007ffd414f0000 - 0x00007ffd41588000 	C:\Windows\System32\TextInputFramework.dll
0x00007ffd47d00000 - 0x00007ffd47fee000 	C:\Windows\System32\CoreUIComponents.dll
0x00007ffd4e900000 - 0x00007ffd4e9dc000 	C:\Windows\System32\CoreMessaging.dll
0x00007ffd4fb60000 - 0x00007ffd4fb91000 	C:\Windows\SYSTEM32\ntmarta.dll
0x00007ffd4c260000 - 0x00007ffd4c396000 	C:\Windows\SYSTEM32\wintypes.dll
0x00007ffce2ee0000 - 0x00007ffce2f69000 	C:\Program Files (x86)\Overwolf\0.162.0.9\OWExplorer.dll
0x00007ffd4aac0000 - 0x00007ffd4ac55000 	C:\Windows\system32\d3d9.dll
0x00007ffd46260000 - 0x00007ffd4634e000 	C:\Windows\System32\DriverStore\FileRepository\nv_dispi.inf_amd64_db678424d2641c3d\nvldumdx.dll
0x00007ffcf6ad0000 - 0x00007ffcf7f6b000 	C:\Windows\System32\DriverStore\FileRepository\nv_dispi.inf_amd64_db678424d2641c3d\nvd3dumx.dll

dbghelp: loaded successfully - version: 4.0.5 - missing functions: none
symbol engine: initialized successfully - sym options: 0x614 - pdb path: .;C:\Program Files\Java\jdk-15.0.1\bin;C:\Windows\SYSTEM32;C:\Windows\WinSxS\amd64_microsoft.windows.common-controls_6595b64144ccf1df_6.0.16299.1087_none_0f9074b65a6589b7;C:\Program Files\Java\jdk-15.0.1\bin\server;C:\Windows\System32\DriverStore\FileRepository\nv_dispi.inf_amd64_db678424d2641c3d;C:\Program Files (x86)\Overwolf\0.162.0.9

VM Arguments:
jvm_args: -Dfile.encoding=UTF-8 --module-path=G:\JAVA\Nam II\eotihConnect\lib\mysql-connector-java-8.0.22.jar -XX:+ShowCodeDetailsInExceptionMessages 
java_command: eotihTEST.eotihPRO
java_class_path (initial): G:\JAVA\Nam II\gameEOTIH\bin
Launcher Type: SUN_STANDARD

[Global flags]
     intx CICompilerCount                          = 3                                         {product} {ergonomic}
     uint ConcGCThreads                            = 1                                         {product} {ergonomic}
     uint G1ConcRefinementThreads                  = 4                                         {product} {ergonomic}
   size_t G1HeapRegionSize                         = 2097152                                   {product} {ergonomic}
    uintx GCDrainStackTargetSize                   = 64                                        {product} {ergonomic}
   size_t InitialHeapSize                          = 268435456                                 {product} {ergonomic}
   size_t MarkStackSize                            = 4194304                                   {product} {ergonomic}
   size_t MaxHeapSize                              = 4282384384                                {product} {ergonomic}
   size_t MaxNewSize                               = 2569011200                                {product} {ergonomic}
   size_t MinHeapDeltaBytes                        = 2097152                                   {product} {ergonomic}
   size_t MinHeapSize                              = 8388608                                   {product} {ergonomic}
    uintx NonNMethodCodeHeapSize                   = 5832780                                {pd product} {ergonomic}
    uintx NonProfiledCodeHeapSize                  = 122912730                              {pd product} {ergonomic}
    uintx ProfiledCodeHeapSize                     = 122912730                              {pd product} {ergonomic}
    uintx ReservedCodeCacheSize                    = 251658240                              {pd product} {ergonomic}
     bool SegmentedCodeCache                       = true                                      {product} {ergonomic}
     bool ShowCodeDetailsInExceptionMessages       = true                                   {manageable} {command line}
   size_t SoftMaxHeapSize                          = 4282384384                             {manageable} {ergonomic}
     bool UseCompressedClassPointers               = true                                 {lp64_product} {ergonomic}
     bool UseCompressedOops                        = true                                 {lp64_product} {ergonomic}
     bool UseG1GC                                  = true                                      {product} {ergonomic}
     bool UseLargePagesIndividualAllocation        = false                                  {pd product} {ergonomic}

Logging:
Log output configuration:
 #0: stdout all=warning uptime,level,tags
 #1: stderr all=off uptime,level,tags

Environment Variables:
PATH=C:\Program Files\Common Files\Oracle\Java\javapath;C:\Windows\system32;C:\Windows;C:\Windows\System32\Wbem;C:\Windows\System32\WindowsPowerShell\v1.0\;C:\Program Files\dotnet\;C:\Program Files\nodejs\;C:\Program Files\Microsoft SQL Server\Client SDK\ODBC\170\Tools\Binn\;C:\Program Files (x86)\Microsoft SQL Server\150\Tools\Binn\;C:\Program Files\Microsoft SQL Server\150\Tools\Binn\;C:\Program Files\Microsoft SQL Server\150\DTS\Binn\;C:\Program Files (x86)\Microsoft SQL Server\150\DTS\Binn\;C:\Program Files\Microsoft SQL Server\130\Tools\Binn\;C:\Program Files\MySQL\MySQL Shell 8.0\bin\;C:\Users\Administrator\AppData\Local\Microsoft\WindowsApps;C:\Users\Administrator\AppData\Roaming\npm;C:\Users\Administrator\AppData\Local\Programs\Microsoft VS Code\bin
USERNAME=Administrator
OS=Windows_NT
PROCESSOR_IDENTIFIER=Intel64 Family 6 Model 60 Stepping 3, GenuineIntel



---------------  S Y S T E M  ---------------

OS:
 Windows 10 , 64 bit Build 16299 (10.0.16299.1087)
OS uptime: 16 days 4:11 hours

CPU: total 4 (initial active 4) (4 cores per cpu, 1 threads per core) family 6 model 60 stepping 3 microcode 0x25, cmov, cx8, fxsr, mmx, sse, sse2, sse3, ssse3, sse4.1, sse4.2, popcnt, vzeroupper, avx, avx2, aes, clmul, erms, lzcnt, tsc, tscinvbit, bmi1, bmi2, fma, clflush

Memory: 4k page, system-wide physical 16328M (3041M free)
TotalPageFile size 22437M (AvailPageFile size 361M)
current process WorkingSet (physical memory assigned to process): 182M, peak: 191M
current process commit charge ("private bytes"): 381M, peak: 399M

vm_info: Java HotSpot(TM) 64-Bit Server VM (15.0.1+9-18) for windows-amd64 JRE (15.0.1+9-18), built on Sep 15 2020 14:43:54 by "mach5one" with unknown MS VC++:1925

END.
