#
# There is insufficient memory for the Java Runtime Environment to continue.
# Native memory allocation (malloc) failed to allocate 1048576 bytes for AllocateHeap
# Possible reasons:
#   The system is out of physical RAM or swap space
#   The process is running with CompressedOops enabled, and the Java Heap may be blocking the growth of the native heap
# Possible solutions:
#   Reduce memory load on the system
#   Increase physical memory or swap space
#   Check if swap backing store is full
#   Decrease Java heap size (-Xmx/-Xms)
#   Decrease number of Java threads
#   Decrease Java thread stack sizes (-Xss)
#   Set larger code cache with -XX:ReservedCodeCacheSize=
#   JVM is running with Zero Based Compressed Oops mode in which the Java heap is
#     placed in the first 32GB address space. The Java Heap base address is the
#     maximum limit for the native heap growth. Please use -XX:HeapBaseMinAddress
#     to set the Java Heap base and to place the Java Heap above 32GB virtual address.
# This output file may be truncated or incomplete.
#
#  Out of Memory Error (./open/src/hotspot/share/memory/allocation.cpp:44), pid=9672, tid=12056
#
# JRE version: Java(TM) SE Runtime Environment (15.0.1+9) (build 15.0.1+9-18)
# Java VM: Java HotSpot(TM) 64-Bit Server VM (15.0.1+9-18, mixed mode, sharing, tiered, compressed oops, g1 gc, windows-amd64)
# No core dump will be written. Minidumps are not enabled by default on client versions of Windows
#

---------------  S U M M A R Y ------------

Command Line: -Dfile.encoding=Cp1258 --module-path=G:\JAVA\Nam II\eotihConnect\lib\mysql-connector-java-8.0.22.jar -XX:+ShowCodeDetailsInExceptionMessages eotihTEST.eotihPRO

Host: Intel(R) Core(TM) i5-4590 CPU @ 3.30GHz, 4 cores, 15G,  Windows 10 , 64 bit Build 16299 (10.0.16299.1087)
Time: Tue Jan 12 20:02:22 2021 SE Asia Standard Time elapsed time: 1898.308814 seconds (0d 0h 31m 38s)

---------------  T H R E A D  ---------------

Current thread (0x0000014c7fd925b0):  VMThread "VM Thread" [stack: 0x0000004575c00000,0x0000004575d00000] [id=12056]

Stack: [0x0000004575c00000,0x0000004575d00000]
[error occurred during error reporting (printing stack bounds), id 0xc0000005, EXCEPTION_ACCESS_VIOLATION (0xc0000005) at pc=0x0000014c690b10ad]

Native frames: (J=compiled Java code, j=interpreted, Vv=VM code, C=native code)
V  [jvm.dll+0x62ae9a]
V  [jvm.dll+0x781389]
V  [jvm.dll+0x782ae3]
V  [jvm.dll+0x7830a5]
V  [jvm.dll+0x78305b]
V  [jvm.dll+0x62a2b9]
V  [jvm.dll+0x62aa88]
C  [ntdll.dll+0xa4ecd]
C  [ntdll.dll+0x26058]
C  [ntdll.dll+0xa3dfe]
C  0x0000014c690b10ad

VM_Operation (0x0000004576cfe2a0): CollectForMetadataAllocation, mode: safepoint, requested by thread 0x0000014c04c38b00


---------------  P R O C E S S  ---------------

Threads class SMR info:
_java_thread_list=0x0000014c0531ee60, length=18, elements={
0x0000014c7fd98270, 0x0000014c7fd99260, 0x0000014c047d29c0, 0x0000014c047d78b0,
0x0000014c047d8360, 0x0000014c047dc480, 0x0000014c047f1440, 0x0000014c048489c0,
0x0000014c048ea540, 0x0000014c04ab7d50, 0x0000014c04a26a70, 0x0000014c04a29540,
0x0000014c04a29c30, 0x0000014c04c38b00, 0x0000014c5ee4dff0, 0x0000014c04efa1a0,
0x0000014c04ef7ff0, 0x0000014c04ef8990
}

Java Threads: ( => current thread )
  0x0000014c7fd98270 JavaThread "Reference Handler" daemon [_thread_blocked, id=20356, stack(0x0000004575d00000,0x0000004575e00000)]
  0x0000014c7fd99260 JavaThread "Finalizer" daemon [_thread_blocked, id=17384, stack(0x0000004575e00000,0x0000004575f00000)]
  0x0000014c047d29c0 JavaThread "Signal Dispatcher" daemon [_thread_blocked, id=17928, stack(0x0000004575f00000,0x0000004576000000)]
  0x0000014c047d78b0 JavaThread "Attach Listener" daemon [_thread_blocked, id=6396, stack(0x0000004576000000,0x0000004576100000)]
  0x0000014c047d8360 JavaThread "Service Thread" daemon [_thread_blocked, id=3444, stack(0x0000004576100000,0x0000004576200000)]
  0x0000014c047dc480 JavaThread "C2 CompilerThread0" daemon [_thread_blocked, id=8648, stack(0x0000004576200000,0x0000004576300000)]
  0x0000014c047f1440 JavaThread "C1 CompilerThread0" daemon [_thread_blocked, id=20728, stack(0x0000004576300000,0x0000004576400000)]
  0x0000014c048489c0 JavaThread "Sweeper thread" daemon [_thread_blocked, id=20296, stack(0x0000004576400000,0x0000004576500000)]
  0x0000014c048ea540 JavaThread "Common-Cleaner" daemon [_thread_blocked, id=19240, stack(0x0000004576500000,0x0000004576600000)]
  0x0000014c04ab7d50 JavaThread "Notification Thread" daemon [_thread_blocked, id=3440, stack(0x0000004576700000,0x0000004576800000)]
  0x0000014c04a26a70 JavaThread "Java2D Disposer" daemon [_thread_blocked, id=9404, stack(0x0000004576900000,0x0000004576a00000)]
  0x0000014c04a29540 JavaThread "AWT-Shutdown" [_thread_blocked, id=13656, stack(0x0000004576a00000,0x0000004576b00000)]
  0x0000014c04a29c30 JavaThread "AWT-Windows" daemon [_thread_in_native, id=4480, stack(0x0000004576b00000,0x0000004576c00000)]
  0x0000014c04c38b00 JavaThread "AWT-EventQueue-0" [_thread_blocked, id=11704, stack(0x0000004576c00000,0x0000004576d00000)]
  0x0000014c5ee4dff0 JavaThread "DestroyJavaVM" [_thread_blocked, id=18628, stack(0x0000004575600000,0x0000004575700000)]
  0x0000014c04efa1a0 JavaThread "mysql-cj-abandoned-connection-cleanup" daemon [_thread_blocked, id=15408, stack(0x0000004577000000,0x0000004577100000)]
  0x0000014c04ef7ff0 JavaThread "TimerQueue" daemon [_thread_blocked, id=15948, stack(0x0000004577500000,0x0000004577600000)]
  0x0000014c04ef8990 JavaThread "D3D Screen Updater" daemon [_thread_blocked, id=3144, stack(0x0000004577b00000,0x0000004577c00000)]

Other Threads:
=>0x0000014c7fd925b0 VMThread "VM Thread" [stack: 0x0000004575c00000,0x0000004575d00000] [id=12056]
  0x0000014c60e7df20 WatcherThread [stack: 0x0000004576800000,0x0000004576900000] [id=8536]
  0x0000014c60eccd80 GCTaskThread "GC Thread#0" [stack: 0x0000004575700000,0x0000004575800000] [id=9080]
  0x0000014c04b17180 GCTaskThread "GC Thread#1" [stack: 0x0000004577200000,0x0000004577300000] [id=13744]
  0x0000014c04b184a0 GCTaskThread "GC Thread#2" [stack: 0x0000004577300000,0x0000004577400000] [id=5072]
  0x0000014c04b18e30 GCTaskThread "GC Thread#3" [stack: 0x0000004577400000,0x0000004577500000] [id=12408]
  0x0000014c60edf3a0 ConcurrentGCThread "G1 Main Marker" [stack: 0x0000004575800000,0x0000004575900000] [id=11292]
  0x0000014c60ee0010 ConcurrentGCThread "G1 Conc#0" [stack: 0x0000004575900000,0x0000004575a00000] [id=16388]
  0x0000014c60f41890 ConcurrentGCThread "G1 Refine#0" [stack: 0x0000004575a00000,0x0000004575b00000] [id=8908]
  0x0000014c60f42510 ConcurrentGCThread "G1 Young RemSet Sampling" [stack: 0x0000004575b00000,0x0000004575c00000] [id=1516]

Threads with active compile tasks:
C1 CompilerThread0  1898317 1954       3       java.util.IdentityHashMap$IdentityHashMapIterator::nextIndex (72 bytes)

VM state: at safepoint (normal execution)

VM Mutex/Monitor currently owned by a thread:  ([mutex/lock_event])
[0x0000014c5ee4a9b0] Threads_lock - owner thread: 0x0000014c7fd925b0
[0x0000014c5ee4a020] Heap_lock - owner thread: 0x0000014c04c38b00

Heap address: 0x0000000700c00000, size: 4084 MB, Compressed Oops mode: Zero based, Oop shift amount: 3
CDS archive(s) mapped at: [0x0000000800000000-0x0000000800b50000-0x0000000800b50000), size 11862016, SharedBaseAddress: 0x0000000800000000, ArchiveRelocationMode: 0.
Compressed class space mapped at: 0x0000000800b50000-0x0000000840b50000, size: 1073741824
Narrow klass base: 0x0000000800000000, Narrow klass shift: 3, Narrow klass range: 0x100000000

GC Precious Log:
 CPUs: 4 total, 4 available
 Memory: 16328M
 Large Page Support: Disabled
 NUMA Support: Disabled
 Compressed Oops: Enabled (Zero based)
 Heap Region Size: 2M
 Heap Min Capacity: 8M
 Heap Initial Capacity: 256M
 Heap Max Capacity: 4084M
 Pre-touch: Disabled
 Parallel Workers: 4
 Concurrent Workers: 1
 Concurrent Refinement Workers: 4
 Periodic GC: Disabled

Heap:
 garbage-first heap   total 262144K, used 55568K [0x0000000700c00000, 0x0000000800000000)
  region size 2048K, 2 young (4096K), 2 survivors (4096K)
 Metaspace       used 17692K, capacity 17918K, committed 18048K, reserved 1073152K
  class space    used 1987K, capacity 2080K, committed 2176K, reserved 1048576K

Heap Regions: E=young(eden), S=young(survivor), O=old, HS=humongous(starts), HC=humongous(continues), CS=collection set, F=free, OA=open archive, CA=closed archive, TAMS=top-at-mark-start (previous, next)
|   0|0x0000000700c00000, 0x0000000700e00000, 0x0000000700e00000|100%| O|  |TAMS 0x0000000700c00000, 0x0000000700e00000| Untracked 
|   1|0x0000000700e00000, 0x0000000700f91600, 0x0000000701000000| 78%| O|  |TAMS 0x0000000700e00000, 0x0000000700f91600| Untracked 
|   2|0x0000000701000000, 0x0000000701200000, 0x0000000701200000|100%|HS|  |TAMS 0x0000000701000000, 0x0000000701200000| Complete 
|   3|0x0000000701200000, 0x0000000701400000, 0x0000000701400000|100%|HC|  |TAMS 0x0000000701200000, 0x0000000701400000| Complete 
|   4|0x0000000701400000, 0x0000000701600000, 0x0000000701600000|100%|HC|  |TAMS 0x0000000701400000, 0x0000000701600000| Complete 
|   5|0x0000000701600000, 0x0000000701800000, 0x0000000701800000|100%|HC|  |TAMS 0x0000000701600000, 0x0000000701800000| Complete 
|   6|0x0000000701800000, 0x0000000701a00000, 0x0000000701a00000|100%|HC|  |TAMS 0x0000000701800000, 0x0000000701a00000| Complete 
|   7|0x0000000701a00000, 0x0000000701c00000, 0x0000000701c00000|100%|HC|  |TAMS 0x0000000701a00000, 0x0000000701c00000| Complete 
|   8|0x0000000701c00000, 0x0000000701e00000, 0x0000000701e00000|100%|HC|  |TAMS 0x0000000701c00000, 0x0000000701e00000| Complete 
|   9|0x0000000701e00000, 0x0000000702000000, 0x0000000702000000|100%|HC|  |TAMS 0x0000000701e00000, 0x0000000702000000| Complete 
|  10|0x0000000702000000, 0x0000000702200000, 0x0000000702200000|100%|HC|  |TAMS 0x0000000702000000, 0x0000000702200000| Complete 
|  11|0x0000000702200000, 0x0000000702400000, 0x0000000702400000|100%|HC|  |TAMS 0x0000000702200000, 0x0000000702400000| Complete 
|  12|0x0000000702400000, 0x0000000702600000, 0x0000000702600000|100%|HC|  |TAMS 0x0000000702400000, 0x0000000702600000| Complete 
|  13|0x0000000702600000, 0x0000000702800000, 0x0000000702800000|100%|HC|  |TAMS 0x0000000702600000, 0x0000000702800000| Complete 
|  14|0x0000000702800000, 0x0000000702a00000, 0x0000000702a00000|100%|HC|  |TAMS 0x0000000702800000, 0x0000000702a00000| Complete 
|  15|0x0000000702a00000, 0x0000000702c00000, 0x0000000702c00000|100%|HC|  |TAMS 0x0000000702a00000, 0x0000000702c00000| Complete 
|  16|0x0000000702c00000, 0x0000000702e00000, 0x0000000702e00000|100%|HC|  |TAMS 0x0000000702c00000, 0x0000000702e00000| Complete 
|  17|0x0000000702e00000, 0x0000000703000000, 0x0000000703000000|100%|HC|  |TAMS 0x0000000702e00000, 0x0000000703000000| Complete 
|  18|0x0000000703000000, 0x0000000703200000, 0x0000000703200000|100%|HC|  |TAMS 0x0000000703000000, 0x0000000703200000| Complete 
|  19|0x0000000703200000, 0x0000000703400000, 0x0000000703400000|100%|HC|  |TAMS 0x0000000703200000, 0x0000000703400000| Complete 
|  20|0x0000000703400000, 0x0000000703600000, 0x0000000703600000|100%|HC|  |TAMS 0x0000000703400000, 0x0000000703600000| Complete 
|  21|0x0000000703600000, 0x0000000703800000, 0x0000000703800000|100%|HC|  |TAMS 0x0000000703600000, 0x0000000703800000| Complete 
|  22|0x0000000703800000, 0x0000000703a00000, 0x0000000703a00000|100%|HC|  |TAMS 0x0000000703800000, 0x0000000703a00000| Complete 
|  23|0x0000000703a00000, 0x0000000703c00000, 0x0000000703c00000|100%|HC|  |TAMS 0x0000000703a00000, 0x0000000703c00000| Complete 
|  24|0x0000000703c00000, 0x0000000703e00000, 0x0000000703e00000|100%|HC|  |TAMS 0x0000000703c00000, 0x0000000703e00000| Complete 
|  25|0x0000000703e00000, 0x0000000704000000, 0x0000000704000000|100%|HS|  |TAMS 0x0000000703e00000, 0x0000000704000000| Complete 
|  26|0x0000000704000000, 0x0000000704000000, 0x0000000704200000|  0%| F|  |TAMS 0x0000000704000000, 0x0000000704000000| Untracked 
|  27|0x0000000704200000, 0x0000000704200000, 0x0000000704400000|  0%| F|  |TAMS 0x0000000704200000, 0x0000000704200000| Untracked 
|  28|0x0000000704400000, 0x0000000704400000, 0x0000000704600000|  0%| F|  |TAMS 0x0000000704400000, 0x0000000704400000| Untracked 
|  29|0x0000000704600000, 0x0000000704600000, 0x0000000704800000|  0%| F|  |TAMS 0x0000000704600000, 0x0000000704600000| Untracked 
|  30|0x0000000704800000, 0x0000000704800000, 0x0000000704a00000|  0%| F|  |TAMS 0x0000000704800000, 0x0000000704800000| Untracked 
|  31|0x0000000704a00000, 0x0000000704a00000, 0x0000000704c00000|  0%| F|  |TAMS 0x0000000704a00000, 0x0000000704a00000| Untracked 
|  32|0x0000000704c00000, 0x0000000704c00000, 0x0000000704e00000|  0%| F|  |TAMS 0x0000000704c00000, 0x0000000704c00000| Untracked 
|  33|0x0000000704e00000, 0x0000000704e00000, 0x0000000705000000|  0%| F|  |TAMS 0x0000000704e00000, 0x0000000704e00000| Untracked 
|  34|0x0000000705000000, 0x0000000705000000, 0x0000000705200000|  0%| F|  |TAMS 0x0000000705000000, 0x0000000705000000| Untracked 
|  35|0x0000000705200000, 0x0000000705200000, 0x0000000705400000|  0%| F|  |TAMS 0x0000000705200000, 0x0000000705200000| Untracked 
|  36|0x0000000705400000, 0x0000000705400000, 0x0000000705600000|  0%| F|  |TAMS 0x0000000705400000, 0x0000000705400000| Untracked 
|  37|0x0000000705600000, 0x0000000705600000, 0x0000000705800000|  0%| F|  |TAMS 0x0000000705600000, 0x0000000705600000| Untracked 
|  38|0x0000000705800000, 0x0000000705800000, 0x0000000705a00000|  0%| F|  |TAMS 0x0000000705800000, 0x0000000705800000| Untracked 
|  39|0x0000000705a00000, 0x0000000705a00000, 0x0000000705c00000|  0%| F|  |TAMS 0x0000000705a00000, 0x0000000705a00000| Untracked 
|  40|0x0000000705c00000, 0x0000000705c00000, 0x0000000705e00000|  0%| F|  |TAMS 0x0000000705c00000, 0x0000000705c00000| Untracked 
|  41|0x0000000705e00000, 0x0000000705e00000, 0x0000000706000000|  0%| F|  |TAMS 0x0000000705e00000, 0x0000000705e00000| Untracked 
|  42|0x0000000706000000, 0x0000000706000000, 0x0000000706200000|  0%| F|  |TAMS 0x0000000706000000, 0x0000000706000000| Untracked 
|  43|0x0000000706200000, 0x0000000706200000, 0x0000000706400000|  0%| F|  |TAMS 0x0000000706200000, 0x0000000706200000| Untracked 
|  44|0x0000000706400000, 0x0000000706400000, 0x0000000706600000|  0%| F|  |TAMS 0x0000000706400000, 0x0000000706400000| Untracked 
|  45|0x0000000706600000, 0x0000000706600000, 0x0000000706800000|  0%| F|  |TAMS 0x0000000706600000, 0x0000000706600000| Untracked 
|  46|0x0000000706800000, 0x0000000706800000, 0x0000000706a00000|  0%| F|  |TAMS 0x0000000706800000, 0x0000000706800000| Untracked 
|  47|0x0000000706a00000, 0x0000000706a00000, 0x0000000706c00000|  0%| F|  |TAMS 0x0000000706a00000, 0x0000000706a00000| Untracked 
|  48|0x0000000706c00000, 0x0000000706c00000, 0x0000000706e00000|  0%| F|  |TAMS 0x0000000706c00000, 0x0000000706c00000| Untracked 
|  49|0x0000000706e00000, 0x0000000706e00000, 0x0000000707000000|  0%| F|  |TAMS 0x0000000706e00000, 0x0000000706e00000| Untracked 
|  50|0x0000000707000000, 0x0000000707000000, 0x0000000707200000|  0%| F|  |TAMS 0x0000000707000000, 0x0000000707000000| Untracked 
|  51|0x0000000707200000, 0x0000000707200000, 0x0000000707400000|  0%| F|  |TAMS 0x0000000707200000, 0x0000000707200000| Untracked 
|  52|0x0000000707400000, 0x0000000707400000, 0x0000000707600000|  0%| F|  |TAMS 0x0000000707400000, 0x0000000707400000| Untracked 
|  53|0x0000000707600000, 0x0000000707600000, 0x0000000707800000|  0%| F|  |TAMS 0x0000000707600000, 0x0000000707600000| Untracked 
|  54|0x0000000707800000, 0x0000000707800000, 0x0000000707a00000|  0%| F|  |TAMS 0x0000000707800000, 0x0000000707800000| Untracked 
|  55|0x0000000707a00000, 0x0000000707a00000, 0x0000000707c00000|  0%| F|  |TAMS 0x0000000707a00000, 0x0000000707a00000| Untracked 
|  56|0x0000000707c00000, 0x0000000707c00000, 0x0000000707e00000|  0%| F|  |TAMS 0x0000000707c00000, 0x0000000707c00000| Untracked 
|  57|0x0000000707e00000, 0x0000000707e00000, 0x0000000708000000|  0%| F|  |TAMS 0x0000000707e00000, 0x0000000707e00000| Untracked 
|  58|0x0000000708000000, 0x0000000708000000, 0x0000000708200000|  0%| F|  |TAMS 0x0000000708000000, 0x0000000708000000| Untracked 
|  59|0x0000000708200000, 0x0000000708200000, 0x0000000708400000|  0%| F|  |TAMS 0x0000000708200000, 0x0000000708200000| Untracked 
|  60|0x0000000708400000, 0x0000000708400000, 0x0000000708600000|  0%| F|  |TAMS 0x0000000708400000, 0x0000000708400000| Untracked 
|  61|0x0000000708600000, 0x0000000708600000, 0x0000000708800000|  0%| F|  |TAMS 0x0000000708600000, 0x0000000708600000| Untracked 
|  62|0x0000000708800000, 0x0000000708800000, 0x0000000708a00000|  0%| F|  |TAMS 0x0000000708800000, 0x0000000708800000| Untracked 
|  63|0x0000000708a00000, 0x0000000708a00000, 0x0000000708c00000|  0%| F|  |TAMS 0x0000000708a00000, 0x0000000708a00000| Untracked 
|  64|0x0000000708c00000, 0x0000000708c00000, 0x0000000708e00000|  0%| F|  |TAMS 0x0000000708c00000, 0x0000000708c00000| Untracked 
|  65|0x0000000708e00000, 0x0000000708e00000, 0x0000000709000000|  0%| F|  |TAMS 0x0000000708e00000, 0x0000000708e00000| Untracked 
|  66|0x0000000709000000, 0x0000000709000000, 0x0000000709200000|  0%| F|  |TAMS 0x0000000709000000, 0x0000000709000000| Untracked 
|  67|0x0000000709200000, 0x0000000709200000, 0x0000000709400000|  0%| F|  |TAMS 0x0000000709200000, 0x0000000709200000| Untracked 
|  68|0x0000000709400000, 0x0000000709400000, 0x0000000709600000|  0%| F|  |TAMS 0x0000000709400000, 0x0000000709400000| Untracked 
|  69|0x0000000709600000, 0x0000000709600000, 0x0000000709800000|  0%| F|  |TAMS 0x0000000709600000, 0x0000000709600000| Untracked 
|  70|0x0000000709800000, 0x0000000709800000, 0x0000000709a00000|  0%| F|  |TAMS 0x0000000709800000, 0x0000000709800000| Untracked 
|  71|0x0000000709a00000, 0x0000000709a00000, 0x0000000709c00000|  0%| F|  |TAMS 0x0000000709a00000, 0x0000000709a00000| Untracked 
|  72|0x0000000709c00000, 0x0000000709c00000, 0x0000000709e00000|  0%| F|  |TAMS 0x0000000709c00000, 0x0000000709c00000| Untracked 
|  73|0x0000000709e00000, 0x0000000709e00000, 0x000000070a000000|  0%| F|  |TAMS 0x0000000709e00000, 0x0000000709e00000| Untracked 
|  74|0x000000070a000000, 0x000000070a000000, 0x000000070a200000|  0%| F|  |TAMS 0x000000070a000000, 0x000000070a000000| Untracked 
|  75|0x000000070a200000, 0x000000070a200000, 0x000000070a400000|  0%| F|  |TAMS 0x000000070a200000, 0x000000070a200000| Untracked 
|  76|0x000000070a400000, 0x000000070a400000, 0x000000070a600000|  0%| F|  |TAMS 0x000000070a400000, 0x000000070a400000| Untracked 
|  77|0x000000070a600000, 0x000000070a600000, 0x000000070a800000|  0%| F|  |TAMS 0x000000070a600000, 0x000000070a600000| Untracked 
|  78|0x000000070a800000, 0x000000070a800000, 0x000000070aa00000|  0%| F|  |TAMS 0x000000070a800000, 0x000000070a800000| Untracked 
|  79|0x000000070aa00000, 0x000000070aa00000, 0x000000070ac00000|  0%| F|  |TAMS 0x000000070aa00000, 0x000000070aa00000| Untracked 
|  80|0x000000070ac00000, 0x000000070ac00000, 0x000000070ae00000|  0%| F|  |TAMS 0x000000070ac00000, 0x000000070ac00000| Untracked 
|  81|0x000000070ae00000, 0x000000070ae00000, 0x000000070b000000|  0%| F|  |TAMS 0x000000070ae00000, 0x000000070ae00000| Untracked 
|  82|0x000000070b000000, 0x000000070b000000, 0x000000070b200000|  0%| F|  |TAMS 0x000000070b000000, 0x000000070b000000| Untracked 
|  83|0x000000070b200000, 0x000000070b200000, 0x000000070b400000|  0%| F|  |TAMS 0x000000070b200000, 0x000000070b200000| Untracked 
|  84|0x000000070b400000, 0x000000070b400000, 0x000000070b600000|  0%| F|  |TAMS 0x000000070b400000, 0x000000070b400000| Untracked 
|  85|0x000000070b600000, 0x000000070b600000, 0x000000070b800000|  0%| F|  |TAMS 0x000000070b600000, 0x000000070b600000| Untracked 
|  86|0x000000070b800000, 0x000000070b800000, 0x000000070ba00000|  0%| F|  |TAMS 0x000000070b800000, 0x000000070b800000| Untracked 
|  87|0x000000070ba00000, 0x000000070ba00000, 0x000000070bc00000|  0%| F|  |TAMS 0x000000070ba00000, 0x000000070ba00000| Untracked 
|  88|0x000000070bc00000, 0x000000070bc00000, 0x000000070be00000|  0%| F|  |TAMS 0x000000070bc00000, 0x000000070bc00000| Untracked 
|  89|0x000000070be00000, 0x000000070be00000, 0x000000070c000000|  0%| F|  |TAMS 0x000000070be00000, 0x000000070be00000| Untracked 
|  90|0x000000070c000000, 0x000000070c000000, 0x000000070c200000|  0%| F|  |TAMS 0x000000070c000000, 0x000000070c000000| Untracked 
|  91|0x000000070c200000, 0x000000070c200000, 0x000000070c400000|  0%| F|  |TAMS 0x000000070c200000, 0x000000070c200000| Untracked 
|  92|0x000000070c400000, 0x000000070c400000, 0x000000070c600000|  0%| F|  |TAMS 0x000000070c400000, 0x000000070c400000| Untracked 
|  93|0x000000070c600000, 0x000000070c600000, 0x000000070c800000|  0%| F|  |TAMS 0x000000070c600000, 0x000000070c600000| Untracked 
|  94|0x000000070c800000, 0x000000070c800000, 0x000000070ca00000|  0%| F|  |TAMS 0x000000070c800000, 0x000000070c800000| Untracked 
|  95|0x000000070ca00000, 0x000000070ca00000, 0x000000070cc00000|  0%| F|  |TAMS 0x000000070ca00000, 0x000000070ca00000| Untracked 
|  96|0x000000070cc00000, 0x000000070cc00000, 0x000000070ce00000|  0%| F|  |TAMS 0x000000070cc00000, 0x000000070cc00000| Untracked 
|  97|0x000000070ce00000, 0x000000070ce00000, 0x000000070d000000|  0%| F|  |TAMS 0x000000070ce00000, 0x000000070ce00000| Untracked 
|  98|0x000000070d000000, 0x000000070d000000, 0x000000070d200000|  0%| F|  |TAMS 0x000000070d000000, 0x000000070d000000| Untracked 
|  99|0x000000070d200000, 0x000000070d200000, 0x000000070d400000|  0%| F|  |TAMS 0x000000070d200000, 0x000000070d200000| Untracked 
| 100|0x000000070d400000, 0x000000070d400000, 0x000000070d600000|  0%| F|  |TAMS 0x000000070d400000, 0x000000070d400000| Untracked 
| 101|0x000000070d600000, 0x000000070d600000, 0x000000070d800000|  0%| F|  |TAMS 0x000000070d600000, 0x000000070d600000| Untracked 
| 102|0x000000070d800000, 0x000000070d800000, 0x000000070da00000|  0%| F|  |TAMS 0x000000070d800000, 0x000000070d800000| Untracked 
| 103|0x000000070da00000, 0x000000070da00000, 0x000000070dc00000|  0%| F|  |TAMS 0x000000070da00000, 0x000000070da00000| Untracked 
| 104|0x000000070dc00000, 0x000000070dc00000, 0x000000070de00000|  0%| F|  |TAMS 0x000000070dc00000, 0x000000070dc00000| Untracked 
| 105|0x000000070de00000, 0x000000070de00000, 0x000000070e000000|  0%| F|  |TAMS 0x000000070de00000, 0x000000070de00000| Untracked 
| 106|0x000000070e000000, 0x000000070e000000, 0x000000070e200000|  0%| F|  |TAMS 0x000000070e000000, 0x000000070e000000| Untracked 
| 107|0x000000070e200000, 0x000000070e2b2d80, 0x000000070e400000| 34%| S|CS|TAMS 0x000000070e200000, 0x000000070e200000| Complete 
| 108|0x000000070e400000, 0x000000070e600000, 0x000000070e600000|100%| S|CS|TAMS 0x000000070e400000, 0x000000070e400000| Complete 
| 109|0x000000070e600000, 0x000000070e600000, 0x000000070e800000|  0%| F|  |TAMS 0x000000070e600000, 0x000000070e600000| Untracked 
| 110|0x000000070e800000, 0x000000070e800000, 0x000000070ea00000|  0%| F|  |TAMS 0x000000070e800000, 0x000000070e800000| Untracked 
| 111|0x000000070ea00000, 0x000000070ea00000, 0x000000070ec00000|  0%| F|  |TAMS 0x000000070ea00000, 0x000000070ea00000| Untracked 
| 112|0x000000070ec00000, 0x000000070ec00000, 0x000000070ee00000|  0%| F|  |TAMS 0x000000070ec00000, 0x000000070ec00000| Untracked 
| 113|0x000000070ee00000, 0x000000070ee00000, 0x000000070f000000|  0%| F|  |TAMS 0x000000070ee00000, 0x000000070ee00000| Untracked 
| 114|0x000000070f000000, 0x000000070f000000, 0x000000070f200000|  0%| F|  |TAMS 0x000000070f000000, 0x000000070f000000| Untracked 
| 115|0x000000070f200000, 0x000000070f200000, 0x000000070f400000|  0%| F|  |TAMS 0x000000070f200000, 0x000000070f200000| Untracked 
| 116|0x000000070f400000, 0x000000070f400000, 0x000000070f600000|  0%| F|  |TAMS 0x000000070f400000, 0x000000070f400000| Untracked 
| 117|0x000000070f600000, 0x000000070f600000, 0x000000070f800000|  0%| F|  |TAMS 0x000000070f600000, 0x000000070f600000| Untracked 
| 118|0x000000070f800000, 0x000000070f800000, 0x000000070fa00000|  0%| F|  |TAMS 0x000000070f800000, 0x000000070f800000| Untracked 
| 119|0x000000070fa00000, 0x000000070fa00000, 0x000000070fc00000|  0%| F|  |TAMS 0x000000070fa00000, 0x000000070fa00000| Untracked 
| 120|0x000000070fc00000, 0x000000070fc00000, 0x000000070fe00000|  0%| F|  |TAMS 0x000000070fc00000, 0x000000070fc00000| Untracked 
| 121|0x000000070fe00000, 0x000000070fe00000, 0x0000000710000000|  0%| F|  |TAMS 0x000000070fe00000, 0x000000070fe00000| Untracked 
| 122|0x0000000710000000, 0x0000000710000000, 0x0000000710200000|  0%| F|  |TAMS 0x0000000710000000, 0x0000000710000000| Untracked 
| 123|0x0000000710200000, 0x0000000710200000, 0x0000000710400000|  0%| F|  |TAMS 0x0000000710200000, 0x0000000710200000| Untracked 
| 124|0x0000000710400000, 0x0000000710400000, 0x0000000710600000|  0%| F|  |TAMS 0x0000000710400000, 0x0000000710400000| Untracked 
| 125|0x0000000710600000, 0x0000000710600000, 0x0000000710800000|  0%| F|  |TAMS 0x0000000710600000, 0x0000000710600000| Untracked 
| 126|0x0000000710800000, 0x0000000710800000, 0x0000000710a00000|  0%| F|  |TAMS 0x0000000710800000, 0x0000000710800000| Untracked 
| 127|0x0000000710a00000, 0x0000000710a00000, 0x0000000710c00000|  0%| F|  |TAMS 0x0000000710a00000, 0x0000000710a00000| Untracked 

Card table byte_map: [0x0000014c788b0000,0x0000014c790b0000] _byte_map_base: 0x0000014c750aa000

Marking Bits (Prev, Next): (CMBitMap*) 0x0000014c60ecea00, (CMBitMap*) 0x0000014c60ecea40
 Prev Bits: [0x0000014c798b0000, 0x0000014c7d880000)
 Next Bits: [0x0000014c00000000, 0x0000014c03fd0000)

Polling page: 0x0000014c60650000

Metaspace:

Usage:
  Non-class:     15.47 MB capacity,    15.34 MB (>99%) used,   110.88 KB ( <1%) free+waste,    22.56 KB ( <1%) overhead. 
      Class:      2.03 MB capacity,     1.94 MB ( 96%) used,    83.77 KB (  4%) free+waste,     8.63 KB ( <1%) overhead. 
       Both:     17.50 MB capacity,    17.28 MB ( 99%) used,   194.64 KB (  1%) free+waste,    31.19 KB ( <1%) overhead. 

Virtual space:
  Non-class space:       24.00 MB reserved,      15.50 MB ( 65%) committed 
      Class space:        1.00 GB reserved,       2.13 MB ( <1%) committed 
             Both:        1.02 GB reserved,      17.63 MB (  2%) committed 

Chunk freelists:
   Non-Class:  34.00 KB
       Class:  0 bytes
        Both:  34.00 KB

MaxMetaspaceSize: 17179869184.00 GB
CompressedClassSpaceSize: 1.00 GB

CodeHeap 'non-profiled nmethods': size=120000Kb used=741Kb max_used=741Kb free=119258Kb
 bounds [0x0000014c70b80000, 0x0000014c70df0000, 0x0000014c780b0000]
CodeHeap 'profiled nmethods': size=120000Kb used=3504Kb max_used=3504Kb free=116495Kb
 bounds [0x0000014c69650000, 0x0000014c699c0000, 0x0000014c70b80000]
CodeHeap 'non-nmethods': size=5760Kb used=1372Kb max_used=1391Kb free=4387Kb
 bounds [0x0000014c690b0000, 0x0000014c69320000, 0x0000014c69650000]
 total_blobs=2633 nmethods=1952 adapters=593
 compilation: enabled
              stopped_count=0, restarted_count=0
 full_count=0

Compilation events (20 events):
Event: 1201.121 Thread 0x0000014c047f1440 nmethod 1943 0x0000014c699b3a90 code [0x0000014c699b3dc0, 0x0000014c699b5168]
Event: 1241.125 Thread 0x0000014c047f1440 1944       3       jdk.internal.loader.URLClassPath$FileLoader::findResource (18 bytes)
Event: 1241.126 Thread 0x0000014c047f1440 nmethod 1944 0x0000014c699b5a90 code [0x0000014c699b5c40, 0x0000014c699b5e98]
Event: 1271.131 Thread 0x0000014c047f1440 1945   !   3       com.mysql.cj.jdbc.AbandonedConnectionCleanupThread::checkThreadContextClassLoader (20 bytes)
Event: 1271.134 Thread 0x0000014c047f1440 nmethod 1945 0x0000014c699b5f90 code [0x0000014c699b6220, 0x0000014c699b7158]
Event: 1681.213 Thread 0x0000014c047f1440 1946  s!   3       jdk.internal.loader.URLClassPath::getLoader (194 bytes)
Event: 1681.214 Thread 0x0000014c047f1440 nmethod 1946 0x0000014c699b7710 code [0x0000014c699b79e0, 0x0000014c699b8cc8]
Event: 1826.242 Thread 0x0000014c047f1440 1947       3       sun.net.www.ParseUtil::firstEncodeIndex (86 bytes)
Event: 1826.243 Thread 0x0000014c047f1440 nmethod 1947 0x0000014c699b9410 code [0x0000014c699b9640, 0x0000014c699ba008]
Event: 1831.407 Thread 0x0000014c047dc480 1949       4       sun.java2d.loops.GraphicsPrimitiveMgr$2::compare (39 bytes)
Event: 1831.408 Thread 0x0000014c047dc480 nmethod 1949 0x0000014c70c39110 code [0x0000014c70c392a0, 0x0000014c70c39398]
Event: 1831.408 Thread 0x0000014c047f1440 1950       3       java.beans.PropertyChangeSupport::firePropertyChange (35 bytes)
Event: 1831.408 Thread 0x0000014c047f1440 nmethod 1950 0x0000014c699ba390 code [0x0000014c699ba5a0, 0x0000014c699bad68]
Event: 1892.266 Thread 0x0000014c047f1440 1951       3       java.util.concurrent.locks.ReentrantLock$NonfairSync::tryAcquire (27 bytes)
Event: 1892.266 Thread 0x0000014c047f1440 nmethod 1951 0x0000014c699baf90 code [0x0000014c699bb140, 0x0000014c699bb3a8]
Event: 1892.308 Thread 0x0000014c047f1440 1952   !   3       java.awt.Component::firePropertyChange (59 bytes)
Event: 1892.309 Thread 0x0000014c047f1440 nmethod 1952 0x0000014c699bb490 code [0x0000014c699bb660, 0x0000014c699bbb98]
Event: 1898.295 Thread 0x0000014c047f1440 1953       3       java.awt.event.InvocationEvent::<init> (52 bytes)
Event: 1898.295 Thread 0x0000014c047f1440 nmethod 1953 0x0000014c699bbd10 code [0x0000014c699bbec0, 0x0000014c699bc208]
Event: 1898.303 Thread 0x0000014c047f1440 1954       3       java.util.IdentityHashMap$IdentityHashMapIterator::nextIndex (72 bytes)

GC Heap History (8 events):
Event: 0.436 GC heap before
{Heap before GC invocations=0 (full 0):
 garbage-first heap   total 262144K, used 10240K [0x0000000700c00000, 0x0000000800000000)
  region size 2048K, 6 young (12288K), 0 survivors (0K)
 Metaspace       used 7229K, capacity 7468K, committed 7552K, reserved 1056768K
  class space    used 764K, capacity 840K, committed 896K, reserved 1048576K
}
Event: 0.440 GC heap after
{Heap after GC invocations=1 (full 0):
 garbage-first heap   total 262144K, used 2301K [0x0000000700c00000, 0x0000000800000000)
  region size 2048K, 1 young (2048K), 1 survivors (2048K)
 Metaspace       used 7229K, capacity 7468K, committed 7552K, reserved 1056768K
  class space    used 764K, capacity 840K, committed 896K, reserved 1048576K
}
Event: 0.812 GC heap before
{Heap before GC invocations=1 (full 0):
 garbage-first heap   total 262144K, used 14589K [0x0000000700c00000, 0x0000000800000000)
  region size 2048K, 8 young (16384K), 1 survivors (2048K)
 Metaspace       used 16501K, capacity 16795K, committed 16896K, reserved 1064960K
  class space    used 1880K, capacity 1983K, committed 2048K, reserved 1048576K
}
Event: 0.817 GC heap after
{Heap after GC invocations=2 (full 0):
 garbage-first heap   total 262144K, used 5701K [0x0000000700c00000, 0x0000000800000000)
  region size 2048K, 1 young (2048K), 1 survivors (2048K)
 Metaspace       used 16501K, capacity 16795K, committed 16896K, reserved 1064960K
  class space    used 1880K, capacity 1983K, committed 2048K, reserved 1048576K
}
Event: 0.977 GC heap before
{Heap before GC invocations=2 (full 0):
 garbage-first heap   total 262144K, used 71237K [0x0000000700c00000, 0x0000000800000000)
  region size 2048K, 11 young (22528K), 1 survivors (2048K)
 Metaspace       used 16697K, capacity 16923K, committed 17152K, reserved 1064960K
  class space    used 1891K, capacity 1983K, committed 2048K, reserved 1048576K
}
Event: 0.979 GC heap after
{Heap after GC invocations=3 (full 0):
 garbage-first heap   total 262144K, used 53272K [0x0000000700c00000, 0x0000000800000000)
  region size 2048K, 2 young (4096K), 2 survivors (4096K)
 Metaspace       used 16697K, capacity 16923K, committed 17152K, reserved 1064960K
  class space    used 1891K, capacity 1983K, committed 2048K, reserved 1048576K
}
Event: 1898.304 GC heap before
{Heap before GC invocations=3 (full 0):
 garbage-first heap   total 262144K, used 88088K [0x0000000700c00000, 0x0000000800000000)
  region size 2048K, 19 young (38912K), 2 survivors (4096K)
 Metaspace       used 17692K, capacity 17918K, committed 18048K, reserved 1071104K
  class space    used 1987K, capacity 2080K, committed 2176K, reserved 1048576K
}
Event: 1898.306 GC heap after
{Heap after GC invocations=4 (full 0):
 garbage-first heap   total 262144K, used 55568K [0x0000000700c00000, 0x0000000800000000)
  region size 2048K, 2 young (4096K), 2 survivors (4096K)
 Metaspace       used 17692K, capacity 17918K, committed 18048K, reserved 1071104K
  class space    used 1987K, capacity 2080K, committed 2176K, reserved 1048576K
}

Deoptimization events (20 events):
Event: 508.041 Thread 0x0000014c04ef8990 Uncommon trap: trap_request=0xffffffdc fr.pc=0x0000014c70c37644 relative=0x00000000000001a4
Event: 508.041 Thread 0x0000014c04ef8990 Uncommon trap: reason=class_check action=make_not_entrant pc=0x0000014c70c37644 method=java.util.ArrayList.toArray([Ljava/lang/Object;)[Ljava/lang/Object; @ 21 c2
Event: 508.041 Thread 0x0000014c04ef8990 DEOPT PACKING pc=0x0000014c70c37644 sp=0x0000004577bff0f0
Event: 508.041 Thread 0x0000014c04ef8990 DEOPT UNPACKING pc=0x0000014c690fe42f sp=0x0000004577bff0b0 mode 2
Event: 1830.154 Thread 0x0000014c04ef8990 Uncommon trap: trap_request=0xffffff45 fr.pc=0x0000014c70c385a8 relative=0x0000000000000088
Event: 1830.154 Thread 0x0000014c04ef8990 Uncommon trap: reason=unstable_if action=reinterpret pc=0x0000014c70c385a8 method=sun.java2d.StateTrackableDelegate$1.isCurrent()Z @ 8 c2
Event: 1830.154 Thread 0x0000014c04ef8990 DEOPT PACKING pc=0x0000014c70c385a8 sp=0x0000004577bff130
Event: 1830.154 Thread 0x0000014c04ef8990 DEOPT UNPACKING pc=0x0000014c690fe42f sp=0x0000004577bff068 mode 2
Event: 1831.504 Thread 0x0000014c04ef8990 Uncommon trap: trap_request=0xffffffcc fr.pc=0x0000014c70c37fe0 relative=0x00000000000003c0
Event: 1831.504 Thread 0x0000014c04ef8990 Uncommon trap: reason=intrinsic_or_type_checked_inlining action=make_not_entrant pc=0x0000014c70c37fe0 method=java.util.ArrayList.toArray([Ljava/lang/Object;)[Ljava/lang/Object; @ 36 c2
Event: 1831.504 Thread 0x0000014c04ef8990 DEOPT PACKING pc=0x0000014c70c37fe0 sp=0x0000004577bff0c0
Event: 1831.504 Thread 0x0000014c04ef8990 DEOPT UNPACKING pc=0x0000014c690fe42f sp=0x0000004577bff0a0 mode 2
Event: 1892.308 Thread 0x0000014c04c38b00 Uncommon trap: trap_request=0xffffff45 fr.pc=0x0000014c70be24e8 relative=0x0000000000000248
Event: 1892.308 Thread 0x0000014c04c38b00 Uncommon trap: reason=unstable_if action=reinterpret pc=0x0000014c70be24e8 method=java.util.HashMap$HashIterator.<init>(Ljava/util/HashMap;)V @ 45 c2
Event: 1892.308 Thread 0x0000014c04c38b00 DEOPT PACKING pc=0x0000014c70be24e8 sp=0x0000004576cfe760
Event: 1892.308 Thread 0x0000014c04c38b00 DEOPT UNPACKING pc=0x0000014c690fe42f sp=0x0000004576cfe650 mode 2
Event: 1895.688 Thread 0x0000014c04c38b00 Uncommon trap: trap_request=0xffffff45 fr.pc=0x0000014c70be1f94 relative=0x0000000000000374
Event: 1895.688 Thread 0x0000014c04c38b00 Uncommon trap: reason=unstable_if action=reinterpret pc=0x0000014c70be1f94 method=java.util.HashMap$HashIterator.<init>(Ljava/util/HashMap;)V @ 45 c2
Event: 1895.688 Thread 0x0000014c04c38b00 DEOPT PACKING pc=0x0000014c70be1f94 sp=0x0000004576cfe6b0
Event: 1895.688 Thread 0x0000014c04c38b00 DEOPT UNPACKING pc=0x0000014c690fe42f sp=0x0000004576cfe668 mode 2

Classes unloaded (0 events):
No events

Classes redefined (0 events):
No events

Internal exceptions (20 events):
Event: 0.295 Thread 0x0000014c04c38b00 Exception <a 'java/lang/NoSuchMethodError'{0x0000000710765798}: 'java.lang.Object java.lang.invoke.DirectMethodHandle$Holder.invokeStatic(java.lang.Object, int, java.lang.Object)'> (0x0000000710765798) 
thrown [./open/src/hotspot/share/interpreter/linkResolver.cpp, line 782]
Event: 0.312 Thread 0x0000014c04c38b00 Exception <a 'java/lang/ClassNotFoundException'{0x000000071041d9c8}: com/sun/swing/internal/plaf/metal/resources/spi/metalProvider> (0x000000071041d9c8) 
thrown [./open/src/hotspot/share/classfile/systemDictionary.cpp, line 295]
Event: 0.312 Thread 0x0000014c04c38b00 Exception <a 'java/lang/ClassNotFoundException'{0x0000000710421c88}: com/sun/swing/internal/plaf/basic/resources/spi/basicProvider> (0x0000000710421c88) 
thrown [./open/src/hotspot/share/classfile/systemDictionary.cpp, line 295]
Event: 0.315 Thread 0x0000014c04c38b00 Implicit null exception at 0x0000014c70bb1558 to 0x0000014c70bb15ea
Event: 0.356 Thread 0x0000014c04c38b00 Exception <a 'java/lang/NoSuchMethodError'{0x00000007105d5328}: 'void java.lang.invoke.DirectMethodHandle$Holder.invokeStatic(java.lang.Object, java.lang.Object, java.lang.Object)'> (0x00000007105d5328) 
thrown [./open/src/hotspot/share/interpreter/linkResolver.cpp, line 782]
Event: 0.356 Thread 0x0000014c04c38b00 Exception <a 'java/lang/NoSuchMethodError'{0x00000007105dfaf8}: 'java.lang.Object java.lang.invoke.DirectMethodHandle$Holder.invokeVirtual(java.lang.Object, java.lang.Object, java.lang.Object)'> (0x00000007105dfaf8) 
thrown [./open/src/hotspot/share/interpreter/linkResolver.cpp, line 782]
Event: 0.422 Thread 0x0000014c04c38b00 Exception <a 'java/lang/NoSuchMethodError'{0x0000000710141698}: 'void java.lang.invoke.DirectMethodHandle$Holder.invokeStatic(java.lang.Object, java.lang.Object)'> (0x0000000710141698) 
thrown [./open/src/hotspot/share/interpreter/linkResolver.cpp, line 782]
Event: 0.450 Thread 0x0000014c04c38b00 Exception <a 'java/lang/NoSuchMethodError'{0x0000000710a99b40}: 'void java.lang.invoke.DirectMethodHandle$Holder.invokeStaticInit(java.lang.Object, java.lang.Object)'> (0x0000000710a99b40) 
thrown [./open/src/hotspot/share/interpreter/linkResolver.cpp, line 782]
Event: 0.512 Thread 0x0000014c04c38b00 Exception <a 'java/lang/NoSuchMethodError'{0x000000071090a458}: 'java.lang.Object java.lang.invoke.DirectMethodHandle$Holder.invokeStaticInit(java.lang.Object, int, int, int, int)'> (0x000000071090a458) 
thrown [./open/src/hotspot/share/interpreter/linkResolver.cpp, line 782]
Event: 0.513 Thread 0x0000014c04c38b00 Exception <a 'sun/nio/fs/WindowsException'{0x0000000710910f20}> (0x0000000710910f20) 
thrown [./open/src/hotspot/share/prims/jni.cpp, line 578]
Event: 0.522 Thread 0x0000014c04c38b00 Exception <a 'java/lang/NoSuchMethodError'{0x000000071093b238}: 'int java.lang.invoke.DirectMethodHandle$Holder.invokeStaticInit(java.lang.Object, java.lang.Object, java.lang.Object, java.lang.Object)'> (0x000000071093b238) 
thrown [./open/src/hotspot/share/interpreter/linkResolver.cpp, line 782]
Event: 0.522 Thread 0x0000014c04c38b00 Exception <a 'java/lang/IncompatibleClassChangeError'{0x0000000710944950}: Found class java.lang.Object, but interface was expected> (0x0000000710944950) 
thrown [./open/src/hotspot/share/interpreter/linkResolver.cpp, line 848]
Event: 0.523 Thread 0x0000014c04c38b00 Exception <a 'java/lang/NoSuchMethodError'{0x000000071094a1a0}: 'int java.lang.invoke.DirectMethodHandle$Holder.invokeStaticInit(java.lang.Object, java.lang.Object)'> (0x000000071094a1a0) 
thrown [./open/src/hotspot/share/interpreter/linkResolver.cpp, line 782]
Event: 0.588 Thread 0x0000014c04c38b00 Exception <a 'java/lang/NoSuchMethodError'{0x0000000710414988}: 'java.lang.Object java.lang.invoke.DirectMethodHandle$Holder.invokeStaticInit(java.lang.Object, java.lang.Object, int, int, int, int)'> (0x0000000710414988) 
thrown [./open/src/hotspot/share/interpreter/linkResolver.cpp, line 782]
Event: 0.661 Thread 0x0000014c04c38b00 Implicit null exception at 0x0000014c70bdfdf5 to 0x0000014c70bdfeb8
Event: 0.731 Thread 0x0000014c04c38b00 Exception <a 'java/io/IOException'{0x000000070fcb5848}> (0x000000070fcb5848) 
thrown [./open/src/hotspot/share/prims/jni.cpp, line 578]
Event: 0.785 Thread 0x0000014c04efb4e0 Exception <a 'java/io/FileNotFoundException'{0x000000070fd6d3e8}> (0x000000070fd6d3e8) 
thrown [./open/src/hotspot/share/prims/jni.cpp, line 578]
Event: 0.786 Thread 0x0000014c04efb4e0 Exception <a 'java/lang/NoSuchMethodError'{0x000000070fd76508}: 'java.lang.Object java.lang.invoke.DirectMethodHandle$Holder.newInvokeSpecial(java.lang.Object, java.lang.Object, java.lang.Object, int, int, int, int, int)'> (0x000000070fd76508) 
thrown [./open/src/hotspot/share/interpreter/linkResolver.cpp, line 782]
Event: 0.806 Thread 0x0000014c04c38b00 Exception <a 'java/lang/NoSuchMethodError'{0x000000070fdad188}: 'void java.lang.invoke.DirectMethodHandle$Holder.invokeStaticInit(java.lang.Object)'> (0x000000070fdad188) 
thrown [./open/src/hotspot/share/interpreter/linkResolver.cpp, line 782]
Event: 1830.648 Thread 0x0000014c04c38b00 Exception <a 'java/lang/NoSuchMethodError'{0x000000070e97c7f8}: 'void java.lang.invoke.DirectMethodHandle$Holder.invokeVirtual(java.lang.Object, java.lang.Object)'> (0x000000070e97c7f8) 
thrown [./open/src/hotspot/share/interpreter/linkResolver.cpp, line 782]

Events (20 events):
Event: 3.583 loading class java/awt/font/TextHitInfo
Event: 3.583 loading class java/awt/font/TextHitInfo done
Event: 3.663 loading class java/awt/KeyboardFocusManager$2
Event: 3.663 loading class java/awt/KeyboardFocusManager$2 done
Event: 3.664 loading class sun/awt/SunToolkit$1
Event: 3.664 loading class sun/awt/SunToolkit$1 done
Event: 3.979 Executing VM operation: HandshakeAllThreads
Event: 3.979 Executing VM operation: HandshakeAllThreads done
Event: 6.072 Thread 0x0000014c04efb4e0 Thread exited: 0x0000014c04efb4e0
Event: 551.186 Executing VM operation: HandshakeAllThreads
Event: 551.186 Executing VM operation: HandshakeAllThreads done
Event: 1830.648 loading class java/util/WeakHashMap$KeyIterator
Event: 1830.648 loading class java/util/WeakHashMap$HashIterator
Event: 1830.648 loading class java/util/WeakHashMap$HashIterator done
Event: 1830.648 loading class java/util/WeakHashMap$KeyIterator done
Event: 1830.775 Executing VM operation: HandshakeAllThreads
Event: 1830.775 Executing VM operation: HandshakeAllThreads done
Event: 1831.407 loading class javax/swing/RepaintManager$DisplayChangedRunnable
Event: 1831.407 loading class javax/swing/RepaintManager$DisplayChangedRunnable done
Event: 1898.304 Executing VM operation: CollectForMetadataAllocation


Dynamic libraries:
0x00007ff7ef980000 - 0x00007ff7ef98f000 	C:\Program Files\Java\jdk-15.0.1\bin\javaw.exe
0x00007ffd546e0000 - 0x00007ffd548c0000 	C:\Windows\SYSTEM32\ntdll.dll
0x00007ffd54500000 - 0x00007ffd545ae000 	C:\Windows\System32\KERNEL32.DLL
0x00007ffd514d0000 - 0x00007ffd51736000 	C:\Windows\System32\KERNELBASE.dll
0x00007ffd51740000 - 0x00007ffd51834000 	C:\Windows\System32\ucrtbase.dll
0x00007ffd4ae30000 - 0x00007ffd4ae48000 	C:\Program Files\Java\jdk-15.0.1\bin\jli.dll
0x00007ffd523f0000 - 0x00007ffd52491000 	C:\Windows\System32\ADVAPI32.dll
0x00007ffd525f0000 - 0x00007ffd5268d000 	C:\Windows\System32\msvcrt.dll
0x00007ffd51d40000 - 0x00007ffd51d9b000 	C:\Windows\System32\sechost.dll
0x00007ffd528d0000 - 0x00007ffd529ef000 	C:\Windows\System32\RPCRT4.dll
0x00007ffd51bb0000 - 0x00007ffd51d3f000 	C:\Windows\System32\USER32.dll
0x00007ffd50b60000 - 0x00007ffd50b80000 	C:\Windows\System32\win32u.dll
0x00007ffd54620000 - 0x00007ffd54648000 	C:\Windows\System32\GDI32.dll
0x00007ffd512d0000 - 0x00007ffd51463000 	C:\Windows\System32\gdi32full.dll
0x00007ffd51840000 - 0x00007ffd518db000 	C:\Windows\System32\msvcp_win.dll
0x00007ffd4d460000 - 0x00007ffd4d479000 	C:\Program Files\Java\jdk-15.0.1\bin\VCRUNTIME140.dll
0x00007ffd48190000 - 0x00007ffd483f9000 	C:\Windows\WinSxS\amd64_microsoft.windows.common-controls_6595b64144ccf1df_6.0.16299.1087_none_0f9074b65a6589b7\COMCTL32.dll
0x00007ffd52020000 - 0x00007ffd52326000 	C:\Windows\System32\combase.dll
0x00007ffd50ae0000 - 0x00007ffd50b52000 	C:\Windows\System32\bcryptPrimitives.dll
0x00007ffd4c680000 - 0x00007ffd4c68a000 	C:\Windows\SYSTEM32\VERSION.dll
0x00007ffd52b20000 - 0x00007ffd52b4d000 	C:\Windows\System32\IMM32.DLL
0x00007ffd4db90000 - 0x00007ffd4db9c000 	C:\Program Files\Java\jdk-15.0.1\bin\vcruntime140_1.dll
0x00007ffd4a880000 - 0x00007ffd4a911000 	C:\Program Files\Java\jdk-15.0.1\bin\msvcp140.dll
0x00007ffd0a700000 - 0x00007ffd0b25e000 	C:\Program Files\Java\jdk-15.0.1\bin\server\jvm.dll
0x00007ffd523e0000 - 0x00007ffd523e8000 	C:\Windows\System32\PSAPI.DLL
0x00007ffd4b380000 - 0x00007ffd4b389000 	C:\Windows\SYSTEM32\WSOCK32.dll
0x00007ffd49ca0000 - 0x00007ffd49cc3000 	C:\Windows\SYSTEM32\WINMM.dll
0x00007ffd545b0000 - 0x00007ffd5461c000 	C:\Windows\System32\WS2_32.dll
0x00007ffd49c40000 - 0x00007ffd49c6a000 	C:\Windows\SYSTEM32\WINMMBASE.dll
0x00007ffd518e0000 - 0x00007ffd5192a000 	C:\Windows\System32\cfgmgr32.dll
0x00007ffd50aa0000 - 0x00007ffd50ab1000 	C:\Windows\System32\kernel.appcore.dll
0x00007ffd4b350000 - 0x00007ffd4b35a000 	C:\Program Files\Java\jdk-15.0.1\bin\jimage.dll
0x00007ffd289a0000 - 0x00007ffd28b68000 	C:\Windows\SYSTEM32\DBGHELP.DLL
0x00007ffd281e0000 - 0x00007ffd28209000 	C:\Windows\SYSTEM32\dbgcore.DLL
0x00007ffd4ae00000 - 0x00007ffd4ae25000 	C:\Program Files\Java\jdk-15.0.1\bin\java.dll
0x00007ffd52bc0000 - 0x00007ffd53ff8000 	C:\Windows\System32\SHELL32.dll
0x00007ffd54000000 - 0x00007ffd540a6000 	C:\Windows\System32\shcore.dll
0x00007ffd50b80000 - 0x00007ffd512c7000 	C:\Windows\System32\windows.storage.dll
0x00007ffd529f0000 - 0x00007ffd52a41000 	C:\Windows\System32\shlwapi.dll
0x00007ffd50a50000 - 0x00007ffd50a9c000 	C:\Windows\System32\powrprof.dll
0x00007ffd50a30000 - 0x00007ffd50a4b000 	C:\Windows\System32\profapi.dll
0x00007ffd4ade0000 - 0x00007ffd4adf9000 	C:\Program Files\Java\jdk-15.0.1\bin\net.dll
0x00007ffd4cad0000 - 0x00007ffd4cbae000 	C:\Windows\SYSTEM32\WINHTTP.dll
0x00007ffd50260000 - 0x00007ffd502c6000 	C:\Windows\system32\mswsock.dll
0x00007ffd4a860000 - 0x00007ffd4a872000 	C:\Program Files\Java\jdk-15.0.1\bin\nio.dll
0x00007ffd4a840000 - 0x00007ffd4a858000 	C:\Program Files\Java\jdk-15.0.1\bin\zip.dll
0x00007ffd43920000 - 0x00007ffd43aa0000 	C:\Program Files\Java\jdk-15.0.1\bin\awt.dll
0x00007ffd52a50000 - 0x00007ffd52b14000 	C:\Windows\System32\OLEAUT32.dll
0x00007ffd4efb0000 - 0x00007ffd4f038000 	C:\Windows\SYSTEM32\apphelp.dll
0x00007ffd4f200000 - 0x00007ffd4f295000 	C:\Windows\system32\uxtheme.dll
0x00007ffd51da0000 - 0x00007ffd51f07000 	C:\Windows\System32\MSCTF.dll
0x00007ffd4f450000 - 0x00007ffd4f47a000 	C:\Windows\system32\dwmapi.dll
0x00007ffd524a0000 - 0x00007ffd525e9000 	C:\Windows\System32\ole32.dll
0x00007ffd41cf0000 - 0x00007ffd41e0e000 	C:\Windows\system32\opengl32.dll
0x00007ffd4acd0000 - 0x00007ffd4acfc000 	C:\Windows\SYSTEM32\GLU32.dll
0x00007ffd51930000 - 0x00007ffd51afe000 	C:\Windows\System32\crypt32.dll
0x00007ffd50ac0000 - 0x00007ffd50ad2000 	C:\Windows\System32\MSASN1.dll
0x00007ffd51470000 - 0x00007ffd514c9000 	C:\Windows\System32\WINTRUST.DLL
0x00007ffd52830000 - 0x00007ffd5284d000 	C:\Windows\System32\imagehlp.dll
0x00007ffd50420000 - 0x00007ffd50437000 	C:\Windows\SYSTEM32\CRYPTSP.dll
0x00007ffd4fe60000 - 0x00007ffd4fe93000 	C:\Windows\system32\rsaenh.dll
0x00007ffd50590000 - 0x00007ffd505b5000 	C:\Windows\SYSTEM32\bcrypt.dll
0x00007ffd50440000 - 0x00007ffd5044b000 	C:\Windows\SYSTEM32\CRYPTBASE.dll
0x00007ffd4f810000 - 0x00007ffd4f832000 	C:\Windows\SYSTEM32\gpapi.dll
0x00007ffd0eb90000 - 0x00007ffd0ebbf000 	C:\Windows\SYSTEM32\cryptnet.dll
0x00007ffd50030000 - 0x00007ffd500e6000 	C:\Windows\SYSTEM32\DNSAPI.dll
0x00007ffd523d0000 - 0x00007ffd523d8000 	C:\Windows\System32\NSI.dll
0x00007ffd4fff0000 - 0x00007ffd50029000 	C:\Windows\SYSTEM32\IPHLPAPI.DLL
0x00007ffd4a290000 - 0x00007ffd4a29a000 	C:\Windows\System32\rasadhlp.dll
0x00007ffd4a2c0000 - 0x00007ffd4a330000 	C:\Windows\System32\fwpuclnt.dll
0x00007ffd4a7e0000 - 0x00007ffd4a7ed000 	C:\Program Files\Java\jdk-15.0.1\bin\sunmscapi.dll
0x00007ffd50500000 - 0x00007ffd50526000 	C:\Windows\SYSTEM32\ncrypt.dll
0x00007ffd504c0000 - 0x00007ffd504f6000 	C:\Windows\SYSTEM32\NTASN1.dll
0x00007ffd50930000 - 0x00007ffd50959000 	C:\Windows\SYSTEM32\USERENV.dll
0x00007ffd4c630000 - 0x00007ffd4c646000 	C:\Windows\SYSTEM32\dhcpcsvc6.DLL
0x00007ffd4c3b0000 - 0x00007ffd4c3ca000 	C:\Windows\SYSTEM32\dhcpcsvc.DLL
0x00007ffd48ed0000 - 0x00007ffd48f55000 	C:\Program Files\Java\jdk-15.0.1\bin\freetype.dll
0x00007ffd41280000 - 0x00007ffd41329000 	C:\Program Files\Java\jdk-15.0.1\bin\fontmanager.dll
0x00007ffd52330000 - 0x00007ffd523ce000 	C:\Windows\System32\clbcatq.dll
0x00007ffd485b0000 - 0x00007ffd4875c000 	C:\Windows\SYSTEM32\WindowsCodecs.dll
0x00007ffd42b70000 - 0x00007ffd42bbf000 	C:\Windows\system32\dataexchange.dll
0x00007ffd4e9e0000 - 0x00007ffd4eb22000 	C:\Windows\system32\dcomp.dll
0x00007ffd4e030000 - 0x00007ffd4e312000 	C:\Windows\system32\d3d11.dll
0x00007ffd4f890000 - 0x00007ffd4f93f000 	C:\Windows\system32\dxgi.dll
0x00007ffd4f2d0000 - 0x00007ffd4f44b000 	C:\Windows\system32\twinapi.appcore.dll
0x00007ffd4f4c0000 - 0x00007ffd4f4e0000 	C:\Windows\system32\RMCLIENT.dll
0x00007ffce2ee0000 - 0x00007ffce2f69000 	C:\Program Files (x86)\Overwolf\0.162.0.9\OWExplorer.dll
0x00007ffd414f0000 - 0x00007ffd41588000 	C:\Windows\System32\TextInputFramework.dll
0x00007ffd47d00000 - 0x00007ffd47fee000 	C:\Windows\System32\CoreUIComponents.dll
0x00007ffd4e900000 - 0x00007ffd4e9dc000 	C:\Windows\System32\CoreMessaging.dll
0x00007ffd4fb60000 - 0x00007ffd4fb91000 	C:\Windows\SYSTEM32\ntmarta.dll
0x00007ffd4c260000 - 0x00007ffd4c396000 	C:\Windows\SYSTEM32\wintypes.dll
0x00007ffd4aac0000 - 0x00007ffd4ac55000 	C:\Windows\system32\d3d9.dll
0x00007ffd46260000 - 0x00007ffd4634e000 	C:\Windows\System32\DriverStore\FileRepository\nv_dispi.inf_amd64_db678424d2641c3d\nvldumdx.dll
0x00007ffcf6ad0000 - 0x00007ffcf7f6b000 	C:\Windows\System32\DriverStore\FileRepository\nv_dispi.inf_amd64_db678424d2641c3d\nvd3dumx.dll

dbghelp: loaded successfully - version: 4.0.5 - missing functions: none
symbol engine: initialized successfully - sym options: 0x614 - pdb path: .;C:\Program Files\Java\jdk-15.0.1\bin;C:\Windows\SYSTEM32;C:\Windows\WinSxS\amd64_microsoft.windows.common-controls_6595b64144ccf1df_6.0.16299.1087_none_0f9074b65a6589b7;C:\Program Files\Java\jdk-15.0.1\bin\server;C:\Windows\System32\DriverStore\FileRepository\nv_dispi.inf_amd64_db678424d2641c3d;C:\Program Files (x86)\Overwolf\0.162.0.9

VM Arguments:
jvm_args: -Dfile.encoding=Cp1258 --module-path=G:\JAVA\Nam II\eotihConnect\lib\mysql-connector-java-8.0.22.jar -XX:+ShowCodeDetailsInExceptionMessages 
java_command: eotihTEST.eotihPRO
java_class_path (initial): G:\JAVA\Nam II\gameEOTIH\bin
Launcher Type: SUN_STANDARD

[Global flags]
     intx CICompilerCount                          = 3                                         {product} {ergonomic}
     uint ConcGCThreads                            = 1                                         {product} {ergonomic}
     uint G1ConcRefinementThreads                  = 4                                         {product} {ergonomic}
   size_t G1HeapRegionSize                         = 2097152                                   {product} {ergonomic}
    uintx GCDrainStackTargetSize                   = 64                                        {product} {ergonomic}
   size_t InitialHeapSize                          = 268435456                                 {product} {ergonomic}
   size_t MarkStackSize                            = 4194304                                   {product} {ergonomic}
   size_t MaxHeapSize                              = 4282384384                                {product} {ergonomic}
   size_t MaxNewSize                               = 2569011200                                {product} {ergonomic}
   size_t MinHeapDeltaBytes                        = 2097152                                   {product} {ergonomic}
   size_t MinHeapSize                              = 8388608                                   {product} {ergonomic}
    uintx NonNMethodCodeHeapSize                   = 5832780                                {pd product} {ergonomic}
    uintx NonProfiledCodeHeapSize                  = 122912730                              {pd product} {ergonomic}
    uintx ProfiledCodeHeapSize                     = 122912730                              {pd product} {ergonomic}
    uintx ReservedCodeCacheSize                    = 251658240                              {pd product} {ergonomic}
     bool SegmentedCodeCache                       = true                                      {product} {ergonomic}
     bool ShowCodeDetailsInExceptionMessages       = true                                   {manageable} {command line}
   size_t SoftMaxHeapSize                          = 4282384384                             {manageable} {ergonomic}
     bool UseCompressedClassPointers               = true                                 {lp64_product} {ergonomic}
     bool UseCompressedOops                        = true                                 {lp64_product} {ergonomic}
     bool UseG1GC                                  = true                                      {product} {ergonomic}
     bool UseLargePagesIndividualAllocation        = false                                  {pd product} {ergonomic}

Logging:
Log output configuration:
 #0: stdout all=warning uptime,level,tags
 #1: stderr all=off uptime,level,tags

Environment Variables:
PATH=C:\Program Files\Common Files\Oracle\Java\javapath;C:\Windows\system32;C:\Windows;C:\Windows\System32\Wbem;C:\Windows\System32\WindowsPowerShell\v1.0\;C:\Program Files\dotnet\;C:\Program Files\nodejs\;C:\Program Files\Microsoft SQL Server\Client SDK\ODBC\170\Tools\Binn\;C:\Program Files (x86)\Microsoft SQL Server\150\Tools\Binn\;C:\Program Files\Microsoft SQL Server\150\Tools\Binn\;C:\Program Files\Microsoft SQL Server\150\DTS\Binn\;C:\Program Files (x86)\Microsoft SQL Server\150\DTS\Binn\;C:\Program Files\Microsoft SQL Server\130\Tools\Binn\;C:\Program Files\MySQL\MySQL Shell 8.0\bin\;C:\Users\Administrator\AppData\Local\Microsoft\WindowsApps;C:\Users\Administrator\AppData\Roaming\npm;C:\Users\Administrator\AppData\Local\Programs\Microsoft VS Code\bin
USERNAME=Administrator
OS=Windows_NT
PROCESSOR_IDENTIFIER=Intel64 Family 6 Model 60 Stepping 3, GenuineIntel



---------------  S Y S T E M  ---------------

OS:
 Windows 10 , 64 bit Build 16299 (10.0.16299.1087)
OS uptime: 16 days 4:11 hours

CPU: total 4 (initial active 4) (4 cores per cpu, 1 threads per core) family 6 model 60 stepping 3 microcode 0x25, cmov, cx8, fxsr, mmx, sse, sse2, sse3, ssse3, sse4.1, sse4.2, popcnt, vzeroupper, avx, avx2, aes, clmul, erms, lzcnt, tsc, tscinvbit, bmi1, bmi2, fma, clflush

Memory: 4k page, system-wide physical 16328M (2918M free)
TotalPageFile size 22437M (AvailPageFile size 5M)
current process WorkingSet (physical memory assigned to process): 174M, peak: 185M
current process commit charge ("private bytes"): 378M, peak: 399M

vm_info: Java HotSpot(TM) 64-Bit Server VM (15.0.1+9-18) for windows-amd64 JRE (15.0.1+9-18), built on Sep 15 2020 14:43:54 by "mach5one" with unknown MS VC++:1925

END.
